CRITICAL - 2023-02-04 11:47:24 --> syntax error, unexpected token "foreach"
in APPPATH/Controllers/GestionTruck.php on line 40.
 1 SYSTEMPATH/Autoloader/Autoloader.php(289): CodeIgniter\Autoloader\Autoloader->includeFile()
 2 SYSTEMPATH/Autoloader/Autoloader.php(267): CodeIgniter\Autoloader\Autoloader->loadInNamespace()
 3 [internal function]: CodeIgniter\Autoloader\Autoloader->loadClass()
 4 SYSTEMPATH/CodeIgniter.php(892): class_exists()
 5 SYSTEMPATH/CodeIgniter.php(486): CodeIgniter\CodeIgniter->startController()
 6 SYSTEMPATH/CodeIgniter.php(368): CodeIgniter\CodeIgniter->handleRequest()
 7 FCPATH/index.php(67): CodeIgniter\CodeIgniter->run()
CRITICAL - 2023-02-04 12:00:56 --> syntax error, unexpected token "foreach"
in APPPATH/Controllers/GestionTruck.php on line 47.
 1 SYSTEMPATH/Autoloader/Autoloader.php(289): CodeIgniter\Autoloader\Autoloader->includeFile()
 2 SYSTEMPATH/Autoloader/Autoloader.php(267): CodeIgniter\Autoloader\Autoloader->loadInNamespace()
 3 [internal function]: CodeIgniter\Autoloader\Autoloader->loadClass()
 4 SYSTEMPATH/CodeIgniter.php(892): class_exists()
 5 SYSTEMPATH/CodeIgniter.php(486): CodeIgniter\CodeIgniter->startController()
 6 SYSTEMPATH/CodeIgniter.php(368): CodeIgniter\CodeIgniter->handleRequest()
 7 FCPATH/index.php(67): CodeIgniter\CodeIgniter->run()
CRITICAL - 2023-02-04 12:01:57 --> array_push(): Argument #1 ($array) must be of type array, string given
in APPPATH/Controllers/GestionTruck.php on line 50.
 1 APPPATH/Controllers/GestionTruck.php(50): array_push()
 2 SYSTEMPATH/CodeIgniter.php(934): App\Controllers\gestionTruck->addTruck()
 3 SYSTEMPATH/CodeIgniter.php(499): CodeIgniter\CodeIgniter->runController()
 4 SYSTEMPATH/CodeIgniter.php(368): CodeIgniter\CodeIgniter->handleRequest()
 5 FCPATH/index.php(67): CodeIgniter\CodeIgniter->run()
CRITICAL - 2023-02-04 12:03:19 --> array_push(): Argument #1 ($array) cannot be passed by reference
in APPPATH/Controllers/GestionTruck.php on line 50.
 1 SYSTEMPATH/CodeIgniter.php(934): App\Controllers\gestionTruck->addTruck()
 2 SYSTEMPATH/CodeIgniter.php(499): CodeIgniter\CodeIgniter->runController()
 3 SYSTEMPATH/CodeIgniter.php(368): CodeIgniter\CodeIgniter->handleRequest()
 4 FCPATH/index.php(67): CodeIgniter\CodeIgniter->run()
CRITICAL - 2023-02-04 12:03:33 --> Array to string conversion
in APPPATH/Controllers/GestionTruck.php on line 48.
 1 APPPATH/Controllers/GestionTruck.php(48): CodeIgniter\Debug\Exceptions->errorHandler()
 2 SYSTEMPATH/CodeIgniter.php(934): App\Controllers\gestionTruck->addTruck()
 3 SYSTEMPATH/CodeIgniter.php(499): CodeIgniter\CodeIgniter->runController()
 4 SYSTEMPATH/CodeIgniter.php(368): CodeIgniter\CodeIgniter->handleRequest()
 5 FCPATH/index.php(67): CodeIgniter\CodeIgniter->run()
CRITICAL - 2023-02-04 12:06:17 --> syntax error, unexpected token "=>", expecting ")"
in APPPATH/Controllers/GestionTruck.php on line 42.
 1 SYSTEMPATH/Autoloader/Autoloader.php(289): CodeIgniter\Autoloader\Autoloader->includeFile()
 2 SYSTEMPATH/Autoloader/Autoloader.php(267): CodeIgniter\Autoloader\Autoloader->loadInNamespace()
 3 [internal function]: CodeIgniter\Autoloader\Autoloader->loadClass()
 4 SYSTEMPATH/CodeIgniter.php(892): class_exists()
 5 SYSTEMPATH/CodeIgniter.php(486): CodeIgniter\CodeIgniter->startController()
 6 SYSTEMPATH/CodeIgniter.php(368): CodeIgniter\CodeIgniter->handleRequest()
 7 FCPATH/index.php(67): CodeIgniter\CodeIgniter->run()
CRITICAL - 2023-02-04 12:07:32 --> syntax error, unexpected token "=>"
in APPPATH/Controllers/GestionTruck.php on line 42.
 1 SYSTEMPATH/Autoloader/Autoloader.php(289): CodeIgniter\Autoloader\Autoloader->includeFile()
 2 SYSTEMPATH/Autoloader/Autoloader.php(267): CodeIgniter\Autoloader\Autoloader->loadInNamespace()
 3 [internal function]: CodeIgniter\Autoloader\Autoloader->loadClass()
 4 SYSTEMPATH/CodeIgniter.php(892): class_exists()
 5 SYSTEMPATH/CodeIgniter.php(486): CodeIgniter\CodeIgniter->startController()
 6 SYSTEMPATH/CodeIgniter.php(368): CodeIgniter\CodeIgniter->handleRequest()
 7 FCPATH/index.php(67): CodeIgniter\CodeIgniter->run()
CRITICAL - 2023-02-04 12:15:57 --> Undefined variable $lala
in APPPATH/Controllers/GestionTruck.php on line 47.
 1 APPPATH/Controllers/GestionTruck.php(47): CodeIgniter\Debug\Exceptions->errorHandler()
 2 SYSTEMPATH/CodeIgniter.php(934): App\Controllers\gestionTruck->addTruck()
 3 SYSTEMPATH/CodeIgniter.php(499): CodeIgniter\CodeIgniter->runController()
 4 SYSTEMPATH/CodeIgniter.php(368): CodeIgniter\CodeIgniter->handleRequest()
 5 FCPATH/index.php(67): CodeIgniter\CodeIgniter->run()
CRITICAL - 2023-02-04 12:16:08 --> Undefined variable $lala
in APPPATH/Controllers/GestionTruck.php on line 48.
 1 APPPATH/Controllers/GestionTruck.php(48): CodeIgniter\Debug\Exceptions->errorHandler()
 2 SYSTEMPATH/CodeIgniter.php(934): App\Controllers\gestionTruck->addTruck()
 3 SYSTEMPATH/CodeIgniter.php(499): CodeIgniter\CodeIgniter->runController()
 4 SYSTEMPATH/CodeIgniter.php(368): CodeIgniter\CodeIgniter->handleRequest()
 5 FCPATH/index.php(67): CodeIgniter\CodeIgniter->run()
CRITICAL - 2023-02-04 12:16:14 --> Undefined variable $lala
in APPPATH/Controllers/GestionTruck.php on line 48.
 1 APPPATH/Controllers/GestionTruck.php(48): CodeIgniter\Debug\Exceptions->errorHandler()
 2 SYSTEMPATH/CodeIgniter.php(934): App\Controllers\gestionTruck->addTruck()
 3 SYSTEMPATH/CodeIgniter.php(499): CodeIgniter\CodeIgniter->runController()
 4 SYSTEMPATH/CodeIgniter.php(368): CodeIgniter\CodeIgniter->handleRequest()
 5 FCPATH/index.php(67): CodeIgniter\CodeIgniter->run()
CRITICAL - 2023-02-04 12:20:58 --> explode(): Argument #2 ($string) must be of type string, array given
in APPPATH/Controllers/GestionTruck.php on line 60.
 1 APPPATH/Controllers/GestionTruck.php(60): explode()
 2 SYSTEMPATH/CodeIgniter.php(934): App\Controllers\gestionTruck->addTruck()
 3 SYSTEMPATH/CodeIgniter.php(499): CodeIgniter\CodeIgniter->runController()
 4 SYSTEMPATH/CodeIgniter.php(368): CodeIgniter\CodeIgniter->handleRequest()
 5 FCPATH/index.php(67): CodeIgniter\CodeIgniter->run()
CRITICAL - 2023-02-04 12:22:42 --> explode(): Argument #2 ($string) must be of type string, array given
in APPPATH/Controllers/GestionTruck.php on line 61.
 1 APPPATH/Controllers/GestionTruck.php(61): explode()
 2 SYSTEMPATH/CodeIgniter.php(934): App\Controllers\gestionTruck->addTruck()
 3 SYSTEMPATH/CodeIgniter.php(499): CodeIgniter\CodeIgniter->runController()
 4 SYSTEMPATH/CodeIgniter.php(368): CodeIgniter\CodeIgniter->handleRequest()
 5 FCPATH/index.php(67): CodeIgniter\CodeIgniter->run()
CRITICAL - 2023-02-04 12:23:12 --> explode(): Argument #2 ($string) must be of type string, array given
in APPPATH/Controllers/GestionTruck.php on line 62.
 1 APPPATH/Controllers/GestionTruck.php(62): explode()
 2 SYSTEMPATH/CodeIgniter.php(934): App\Controllers\gestionTruck->addTruck()
 3 SYSTEMPATH/CodeIgniter.php(499): CodeIgniter\CodeIgniter->runController()
 4 SYSTEMPATH/CodeIgniter.php(368): CodeIgniter\CodeIgniter->handleRequest()
 5 FCPATH/index.php(67): CodeIgniter\CodeIgniter->run()
CRITICAL - 2023-02-04 12:23:57 --> explode(): Argument #2 ($string) must be of type string, array given
in APPPATH/Controllers/GestionTruck.php on line 62.
 1 APPPATH/Controllers/GestionTruck.php(62): explode()
 2 SYSTEMPATH/CodeIgniter.php(934): App\Controllers\gestionTruck->addTruck()
 3 SYSTEMPATH/CodeIgniter.php(499): CodeIgniter\CodeIgniter->runController()
 4 SYSTEMPATH/CodeIgniter.php(368): CodeIgniter\CodeIgniter->handleRequest()
 5 FCPATH/index.php(67): CodeIgniter\CodeIgniter->run()
CRITICAL - 2023-02-04 12:24:06 --> explode(): Argument #2 ($string) must be of type string, array given
in APPPATH/Controllers/GestionTruck.php on line 62.
 1 APPPATH/Controllers/GestionTruck.php(62): explode()
 2 SYSTEMPATH/CodeIgniter.php(934): App\Controllers\gestionTruck->addTruck()
 3 SYSTEMPATH/CodeIgniter.php(499): CodeIgniter\CodeIgniter->runController()
 4 SYSTEMPATH/CodeIgniter.php(368): CodeIgniter\CodeIgniter->handleRequest()
 5 FCPATH/index.php(67): CodeIgniter\CodeIgniter->run()
CRITICAL - 2023-02-04 12:24:15 --> explode(): Argument #2 ($string) must be of type string, array given
in APPPATH/Controllers/GestionTruck.php on line 61.
 1 APPPATH/Controllers/GestionTruck.php(61): explode()
 2 SYSTEMPATH/CodeIgniter.php(934): App\Controllers\gestionTruck->addTruck()
 3 SYSTEMPATH/CodeIgniter.php(499): CodeIgniter\CodeIgniter->runController()
 4 SYSTEMPATH/CodeIgniter.php(368): CodeIgniter\CodeIgniter->handleRequest()
 5 FCPATH/index.php(67): CodeIgniter\CodeIgniter->run()
CRITICAL - 2023-02-04 12:24:55 --> explode(): Argument #2 ($string) must be of type string, array given
in APPPATH/Controllers/GestionTruck.php on line 61.
 1 APPPATH/Controllers/GestionTruck.php(61): explode()
 2 SYSTEMPATH/CodeIgniter.php(934): App\Controllers\gestionTruck->addTruck()
 3 SYSTEMPATH/CodeIgniter.php(499): CodeIgniter\CodeIgniter->runController()
 4 SYSTEMPATH/CodeIgniter.php(368): CodeIgniter\CodeIgniter->handleRequest()
 5 FCPATH/index.php(67): CodeIgniter\CodeIgniter->run()
CRITICAL - 2023-02-04 12:25:13 --> explode(): Argument #2 ($string) must be of type string, array given
in APPPATH/Controllers/GestionTruck.php on line 61.
 1 APPPATH/Controllers/GestionTruck.php(61): explode()
 2 SYSTEMPATH/CodeIgniter.php(934): App\Controllers\gestionTruck->addTruck()
 3 SYSTEMPATH/CodeIgniter.php(499): CodeIgniter\CodeIgniter->runController()
 4 SYSTEMPATH/CodeIgniter.php(368): CodeIgniter\CodeIgniter->handleRequest()
 5 FCPATH/index.php(67): CodeIgniter\CodeIgniter->run()
CRITICAL - 2023-02-04 12:25:25 --> explode(): Argument #2 ($string) must be of type string, array given
in APPPATH/Controllers/GestionTruck.php on line 61.
 1 APPPATH/Controllers/GestionTruck.php(61): explode()
 2 SYSTEMPATH/CodeIgniter.php(934): App\Controllers\gestionTruck->addTruck()
 3 SYSTEMPATH/CodeIgniter.php(499): CodeIgniter\CodeIgniter->runController()
 4 SYSTEMPATH/CodeIgniter.php(368): CodeIgniter\CodeIgniter->handleRequest()
 5 FCPATH/index.php(67): CodeIgniter\CodeIgniter->run()
CRITICAL - 2023-02-04 12:25:58 --> explode(): Argument #2 ($string) must be of type string, array given
in APPPATH/Controllers/GestionTruck.php on line 61.
 1 APPPATH/Controllers/GestionTruck.php(61): explode()
 2 SYSTEMPATH/CodeIgniter.php(934): App\Controllers\gestionTruck->addTruck()
 3 SYSTEMPATH/CodeIgniter.php(499): CodeIgniter\CodeIgniter->runController()
 4 SYSTEMPATH/CodeIgniter.php(368): CodeIgniter\CodeIgniter->handleRequest()
 5 FCPATH/index.php(67): CodeIgniter\CodeIgniter->run()
CRITICAL - 2023-02-04 12:26:34 --> array_push(): Argument #1 ($array) must be of type array, string given
in APPPATH/Controllers/GestionTruck.php on line 62.
 1 APPPATH/Controllers/GestionTruck.php(62): array_push()
 2 SYSTEMPATH/CodeIgniter.php(934): App\Controllers\gestionTruck->addTruck()
 3 SYSTEMPATH/CodeIgniter.php(499): CodeIgniter\CodeIgniter->runController()
 4 SYSTEMPATH/CodeIgniter.php(368): CodeIgniter\CodeIgniter->handleRequest()
 5 FCPATH/index.php(67): CodeIgniter\CodeIgniter->run()
CRITICAL - 2023-02-04 12:36:14 --> syntax error, unexpected token "as", expecting ";"
in APPPATH/Controllers/GestionTruck.php on line 57.
 1 SYSTEMPATH/Autoloader/Autoloader.php(289): CodeIgniter\Autoloader\Autoloader->includeFile()
 2 SYSTEMPATH/Autoloader/Autoloader.php(267): CodeIgniter\Autoloader\Autoloader->loadInNamespace()
 3 [internal function]: CodeIgniter\Autoloader\Autoloader->loadClass()
 4 SYSTEMPATH/CodeIgniter.php(892): class_exists()
 5 SYSTEMPATH/CodeIgniter.php(486): CodeIgniter\CodeIgniter->startController()
 6 SYSTEMPATH/CodeIgniter.php(368): CodeIgniter\CodeIgniter->handleRequest()
 7 FCPATH/index.php(67): CodeIgniter\CodeIgniter->run()
CRITICAL - 2023-02-04 12:36:35 --> Undefined constant "App\Controllers\i"
in APPPATH/Controllers/GestionTruck.php on line 59.
 1 SYSTEMPATH/CodeIgniter.php(934): App\Controllers\gestionTruck->addTruck()
 2 SYSTEMPATH/CodeIgniter.php(499): CodeIgniter\CodeIgniter->runController()
 3 SYSTEMPATH/CodeIgniter.php(368): CodeIgniter\CodeIgniter->handleRequest()
 4 FCPATH/index.php(67): CodeIgniter\CodeIgniter->run()
CRITICAL - 2023-02-04 12:40:20 --> syntax error, unexpected token "=>"
in APPPATH/Controllers/GestionTruck.php on line 58.
 1 SYSTEMPATH/Autoloader/Autoloader.php(289): CodeIgniter\Autoloader\Autoloader->includeFile()
 2 SYSTEMPATH/Autoloader/Autoloader.php(267): CodeIgniter\Autoloader\Autoloader->loadInNamespace()
 3 [internal function]: CodeIgniter\Autoloader\Autoloader->loadClass()
 4 SYSTEMPATH/CodeIgniter.php(892): class_exists()
 5 SYSTEMPATH/CodeIgniter.php(486): CodeIgniter\CodeIgniter->startController()
 6 SYSTEMPATH/CodeIgniter.php(368): CodeIgniter\CodeIgniter->handleRequest()
 7 FCPATH/index.php(67): CodeIgniter\CodeIgniter->run()
CRITICAL - 2023-02-04 12:40:32 --> syntax error, unexpected token "}"
in APPPATH/Controllers/GestionTruck.php on line 60.
 1 SYSTEMPATH/Autoloader/Autoloader.php(289): CodeIgniter\Autoloader\Autoloader->includeFile()
 2 SYSTEMPATH/Autoloader/Autoloader.php(267): CodeIgniter\Autoloader\Autoloader->loadInNamespace()
 3 [internal function]: CodeIgniter\Autoloader\Autoloader->loadClass()
 4 SYSTEMPATH/CodeIgniter.php(892): class_exists()
 5 SYSTEMPATH/CodeIgniter.php(486): CodeIgniter\CodeIgniter->startController()
 6 SYSTEMPATH/CodeIgniter.php(368): CodeIgniter\CodeIgniter->handleRequest()
 7 FCPATH/index.php(67): CodeIgniter\CodeIgniter->run()
CRITICAL - 2023-02-04 12:45:33 --> syntax error, unexpected token "}"
in APPPATH/Controllers/GestionTruck.php on line 61.
 1 SYSTEMPATH/Autoloader/Autoloader.php(289): CodeIgniter\Autoloader\Autoloader->includeFile()
 2 SYSTEMPATH/Autoloader/Autoloader.php(267): CodeIgniter\Autoloader\Autoloader->loadInNamespace()
 3 [internal function]: CodeIgniter\Autoloader\Autoloader->loadClass()
 4 SYSTEMPATH/CodeIgniter.php(892): class_exists()
 5 SYSTEMPATH/CodeIgniter.php(486): CodeIgniter\CodeIgniter->startController()
 6 SYSTEMPATH/CodeIgniter.php(368): CodeIgniter\CodeIgniter->handleRequest()
 7 FCPATH/index.php(67): CodeIgniter\CodeIgniter->run()
CRITICAL - 2023-02-04 12:51:32 --> syntax error, unexpected token "as", expecting ";"
in APPPATH/Controllers/GestionTruck.php on line 66.
 1 SYSTEMPATH/Autoloader/Autoloader.php(289): CodeIgniter\Autoloader\Autoloader->includeFile()
 2 SYSTEMPATH/Autoloader/Autoloader.php(267): CodeIgniter\Autoloader\Autoloader->loadInNamespace()
 3 [internal function]: CodeIgniter\Autoloader\Autoloader->loadClass()
 4 SYSTEMPATH/CodeIgniter.php(892): class_exists()
 5 SYSTEMPATH/CodeIgniter.php(486): CodeIgniter\CodeIgniter->startController()
 6 SYSTEMPATH/CodeIgniter.php(368): CodeIgniter\CodeIgniter->handleRequest()
 7 FCPATH/index.php(67): CodeIgniter\CodeIgniter->run()
CRITICAL - 2023-02-04 12:52:30 --> Undefined array key 0
in APPPATH/Controllers/GestionTruck.php on line 68.
 1 APPPATH/Controllers/GestionTruck.php(68): CodeIgniter\Debug\Exceptions->errorHandler()
 2 SYSTEMPATH/CodeIgniter.php(934): App\Controllers\gestionTruck->addTruck()
 3 SYSTEMPATH/CodeIgniter.php(499): CodeIgniter\CodeIgniter->runController()
 4 SYSTEMPATH/CodeIgniter.php(368): CodeIgniter\CodeIgniter->handleRequest()
 5 FCPATH/index.php(67): CodeIgniter\CodeIgniter->run()
CRITICAL - 2023-02-04 12:52:50 --> syntax error, unexpected token "as", expecting ";"
in APPPATH/Controllers/GestionTruck.php on line 66.
 1 SYSTEMPATH/Autoloader/Autoloader.php(289): CodeIgniter\Autoloader\Autoloader->includeFile()
 2 SYSTEMPATH/Autoloader/Autoloader.php(267): CodeIgniter\Autoloader\Autoloader->loadInNamespace()
 3 [internal function]: CodeIgniter\Autoloader\Autoloader->loadClass()
 4 SYSTEMPATH/CodeIgniter.php(892): class_exists()
 5 SYSTEMPATH/CodeIgniter.php(486): CodeIgniter\CodeIgniter->startController()
 6 SYSTEMPATH/CodeIgniter.php(368): CodeIgniter\CodeIgniter->handleRequest()
 7 FCPATH/index.php(67): CodeIgniter\CodeIgniter->run()
CRITICAL - 2023-02-04 12:53:52 --> syntax error, unexpected token "as", expecting ";"
in APPPATH/Controllers/GestionTruck.php on line 66.
 1 SYSTEMPATH/Autoloader/Autoloader.php(289): CodeIgniter\Autoloader\Autoloader->includeFile()
 2 SYSTEMPATH/Autoloader/Autoloader.php(267): CodeIgniter\Autoloader\Autoloader->loadInNamespace()
 3 [internal function]: CodeIgniter\Autoloader\Autoloader->loadClass()
 4 SYSTEMPATH/CodeIgniter.php(892): class_exists()
 5 SYSTEMPATH/CodeIgniter.php(486): CodeIgniter\CodeIgniter->startController()
 6 SYSTEMPATH/CodeIgniter.php(368): CodeIgniter\CodeIgniter->handleRequest()
 7 FCPATH/index.php(67): CodeIgniter\CodeIgniter->run()
CRITICAL - 2023-02-04 12:54:15 --> syntax error, unexpected token "as", expecting ";"
in APPPATH/Controllers/GestionTruck.php on line 66.
 1 SYSTEMPATH/Autoloader/Autoloader.php(289): CodeIgniter\Autoloader\Autoloader->includeFile()
 2 SYSTEMPATH/Autoloader/Autoloader.php(267): CodeIgniter\Autoloader\Autoloader->loadInNamespace()
 3 [internal function]: CodeIgniter\Autoloader\Autoloader->loadClass()
 4 SYSTEMPATH/CodeIgniter.php(892): class_exists()
 5 SYSTEMPATH/CodeIgniter.php(486): CodeIgniter\CodeIgniter->startController()
 6 SYSTEMPATH/CodeIgniter.php(368): CodeIgniter\CodeIgniter->handleRequest()
 7 FCPATH/index.php(67): CodeIgniter\CodeIgniter->run()
CRITICAL - 2023-02-04 12:54:36 --> syntax error, unexpected token "as", expecting ";"
in APPPATH/Controllers/GestionTruck.php on line 66.
 1 SYSTEMPATH/Autoloader/Autoloader.php(289): CodeIgniter\Autoloader\Autoloader->includeFile()
 2 SYSTEMPATH/Autoloader/Autoloader.php(267): CodeIgniter\Autoloader\Autoloader->loadInNamespace()
 3 [internal function]: CodeIgniter\Autoloader\Autoloader->loadClass()
 4 SYSTEMPATH/CodeIgniter.php(892): class_exists()
 5 SYSTEMPATH/CodeIgniter.php(486): CodeIgniter\CodeIgniter->startController()
 6 SYSTEMPATH/CodeIgniter.php(368): CodeIgniter\CodeIgniter->handleRequest()
 7 FCPATH/index.php(67): CodeIgniter\CodeIgniter->run()
CRITICAL - 2023-02-04 12:56:16 --> Cannot access offset of type string on string
in APPPATH/Controllers/GestionTruck.php on line 69.
 1 SYSTEMPATH/CodeIgniter.php(934): App\Controllers\gestionTruck->addTruck()
 2 SYSTEMPATH/CodeIgniter.php(499): CodeIgniter\CodeIgniter->runController()
 3 SYSTEMPATH/CodeIgniter.php(368): CodeIgniter\CodeIgniter->handleRequest()
 4 FCPATH/index.php(67): CodeIgniter\CodeIgniter->run()
CRITICAL - 2023-02-04 12:57:25 --> Cannot access offset of type string on string
in APPPATH/Controllers/GestionTruck.php on line 69.
 1 SYSTEMPATH/CodeIgniter.php(934): App\Controllers\gestionTruck->addTruck()
 2 SYSTEMPATH/CodeIgniter.php(499): CodeIgniter\CodeIgniter->runController()
 3 SYSTEMPATH/CodeIgniter.php(368): CodeIgniter\CodeIgniter->handleRequest()
 4 FCPATH/index.php(67): CodeIgniter\CodeIgniter->run()
CRITICAL - 2023-02-04 13:03:31 --> Undefined variable $_SESSION
in APPPATH/Controllers/GestionTruck.php on line 60.
 1 APPPATH/Controllers/GestionTruck.php(60): CodeIgniter\Debug\Exceptions->errorHandler()
 2 SYSTEMPATH/CodeIgniter.php(934): App\Controllers\gestionTruck->addTruck()
 3 SYSTEMPATH/CodeIgniter.php(499): CodeIgniter\CodeIgniter->runController()
 4 SYSTEMPATH/CodeIgniter.php(368): CodeIgniter\CodeIgniter->handleRequest()
 5 FCPATH/index.php(67): CodeIgniter\CodeIgniter->run()
CRITICAL - 2023-02-04 13:08:41 --> Array to string conversion
in APPPATH/Controllers/GestionTruck.php on line 65.
 1 APPPATH/Controllers/GestionTruck.php(65): CodeIgniter\Debug\Exceptions->errorHandler()
 2 SYSTEMPATH/CodeIgniter.php(934): App\Controllers\gestionTruck->addTruck()
 3 SYSTEMPATH/CodeIgniter.php(499): CodeIgniter\CodeIgniter->runController()
 4 SYSTEMPATH/CodeIgniter.php(368): CodeIgniter\CodeIgniter->handleRequest()
 5 FCPATH/index.php(67): CodeIgniter\CodeIgniter->run()
CRITICAL - 2023-02-04 13:09:26 --> syntax error, unexpected single-quoted string "id_gerant", expecting identifier or variable or "{" or "$"
in APPPATH/Controllers/GestionTruck.php on line 65.
 1 SYSTEMPATH/Autoloader/Autoloader.php(289): CodeIgniter\Autoloader\Autoloader->includeFile()
 2 SYSTEMPATH/Autoloader/Autoloader.php(267): CodeIgniter\Autoloader\Autoloader->loadInNamespace()
 3 [internal function]: CodeIgniter\Autoloader\Autoloader->loadClass()
 4 SYSTEMPATH/CodeIgniter.php(892): class_exists()
 5 SYSTEMPATH/CodeIgniter.php(486): CodeIgniter\CodeIgniter->startController()
 6 SYSTEMPATH/CodeIgniter.php(368): CodeIgniter\CodeIgniter->handleRequest()
 7 FCPATH/index.php(67): CodeIgniter\CodeIgniter->run()
CRITICAL - 2023-02-04 13:11:55 --> Array to string conversion
in SYSTEMPATH/Database/Query.php on line 329.
 1 [internal function]: CodeIgniter\Debug\Exceptions->errorHandler()
 2 SYSTEMPATH/Database/Query.php(329): implode()
 3 SYSTEMPATH/Database/Query.php(310): CodeIgniter\Database\Query->matchNamedBinds()
 4 SYSTEMPATH/Database/Query.php(159): CodeIgniter\Database\Query->compileBinds()
 5 SYSTEMPATH/Database/BaseConnection.php(605): CodeIgniter\Database\Query->getQuery()
 6 SYSTEMPATH/Database/BaseBuilder.php(2295): CodeIgniter\Database\BaseConnection->query()
 7 SYSTEMPATH/Model.php(329): CodeIgniter\Database\BaseBuilder->insert()
 8 SYSTEMPATH/BaseModel.php(782): CodeIgniter\Model->doInsert()
 9 SYSTEMPATH/Model.php(729): CodeIgniter\BaseModel->insert()
10 APPPATH/Controllers/GestionTruck.php(66): CodeIgniter\Model->insert()
11 SYSTEMPATH/CodeIgniter.php(934): App\Controllers\gestionTruck->addTruck()
12 SYSTEMPATH/CodeIgniter.php(499): CodeIgniter\CodeIgniter->runController()
13 SYSTEMPATH/CodeIgniter.php(368): CodeIgniter\CodeIgniter->handleRequest()
14 FCPATH/index.php(67): CodeIgniter\CodeIgniter->run()
CRITICAL - 2023-02-04 13:16:25 --> session_start(): Ignoring session_start() because a session is already active
in APPPATH/Controllers/Verif.php on line 80.
 1 [internal function]: CodeIgniter\Debug\Exceptions->errorHandler()
 2 APPPATH/Controllers/Verif.php(80): session_start()
 3 APPPATH/Controllers/GestionTruck.php(74): App\Controllers\Verif->gestionTruck()
 4 SYSTEMPATH/CodeIgniter.php(934): App\Controllers\gestionTruck->addTruck()
 5 SYSTEMPATH/CodeIgniter.php(499): CodeIgniter\CodeIgniter->runController()
 6 SYSTEMPATH/CodeIgniter.php(368): CodeIgniter\CodeIgniter->handleRequest()
 7 FCPATH/index.php(67): CodeIgniter\CodeIgniter->run()
CRITICAL - 2023-02-04 15:40:59 --> Cannot redeclare App\Models\DatabaseModel::getGId()
in APPPATH/Models/DatabaseModel.php on line 68.
 1 [internal function]: CodeIgniter\Debug\Exceptions->shutdownHandler()
CRITICAL - 2023-02-04 15:46:51 --> syntax error, unexpected double-quote mark, expecting "-" or identifier or variable or number
in APPPATH/Models/DatabaseModel.php on line 76.
 1 SYSTEMPATH/Autoloader/Autoloader.php(289): CodeIgniter\Autoloader\Autoloader->includeFile()
 2 SYSTEMPATH/Autoloader/Autoloader.php(267): CodeIgniter\Autoloader\Autoloader->loadInNamespace()
 3 APPPATH/Controllers/GestionEvent.php(12): CodeIgniter\Autoloader\Autoloader->loadClass()
 4 SYSTEMPATH/CodeIgniter.php(934): App\Controllers\GestionEvent->addEvent()
 5 SYSTEMPATH/CodeIgniter.php(499): CodeIgniter\CodeIgniter->runController()
 6 SYSTEMPATH/CodeIgniter.php(368): CodeIgniter\CodeIgniter->handleRequest()
 7 FCPATH/index.php(67): CodeIgniter\CodeIgniter->run()
CRITICAL - 2023-02-04 15:47:33 --> syntax error, unexpected string content "", expecting "-" or identifier or variable or number
in APPPATH/Models/DatabaseModel.php on line 76.
 1 SYSTEMPATH/Autoloader/Autoloader.php(289): CodeIgniter\Autoloader\Autoloader->includeFile()
 2 SYSTEMPATH/Autoloader/Autoloader.php(267): CodeIgniter\Autoloader\Autoloader->loadInNamespace()
 3 APPPATH/Controllers/GestionEvent.php(12): CodeIgniter\Autoloader\Autoloader->loadClass()
 4 SYSTEMPATH/CodeIgniter.php(934): App\Controllers\GestionEvent->addEvent()
 5 SYSTEMPATH/CodeIgniter.php(499): CodeIgniter\CodeIgniter->runController()
 6 SYSTEMPATH/CodeIgniter.php(368): CodeIgniter\CodeIgniter->handleRequest()
 7 FCPATH/index.php(67): CodeIgniter\CodeIgniter->run()
CRITICAL - 2023-02-04 15:49:50 --> syntax error, unexpected string content "", expecting "-" or identifier or variable or number
in APPPATH/Models/DatabaseModel.php on line 76.
 1 SYSTEMPATH/Autoloader/Autoloader.php(289): CodeIgniter\Autoloader\Autoloader->includeFile()
 2 SYSTEMPATH/Autoloader/Autoloader.php(267): CodeIgniter\Autoloader\Autoloader->loadInNamespace()
 3 APPPATH/Controllers/GestionEvent.php(12): CodeIgniter\Autoloader\Autoloader->loadClass()
 4 SYSTEMPATH/CodeIgniter.php(934): App\Controllers\GestionEvent->addEvent()
 5 SYSTEMPATH/CodeIgniter.php(499): CodeIgniter\CodeIgniter->runController()
 6 SYSTEMPATH/CodeIgniter.php(368): CodeIgniter\CodeIgniter->handleRequest()
 7 FCPATH/index.php(67): CodeIgniter\CodeIgniter->run()
CRITICAL - 2023-02-04 15:50:51 --> syntax error, unexpected string content "", expecting "-" or identifier or variable or number
in APPPATH/Models/DatabaseModel.php on line 76.
 1 SYSTEMPATH/Autoloader/Autoloader.php(289): CodeIgniter\Autoloader\Autoloader->includeFile()
 2 SYSTEMPATH/Autoloader/Autoloader.php(267): CodeIgniter\Autoloader\Autoloader->loadInNamespace()
 3 APPPATH/Controllers/GestionEvent.php(12): CodeIgniter\Autoloader\Autoloader->loadClass()
 4 SYSTEMPATH/CodeIgniter.php(934): App\Controllers\GestionEvent->addEvent()
 5 SYSTEMPATH/CodeIgniter.php(499): CodeIgniter\CodeIgniter->runController()
 6 SYSTEMPATH/CodeIgniter.php(368): CodeIgniter\CodeIgniter->handleRequest()
 7 FCPATH/index.php(67): CodeIgniter\CodeIgniter->run()
ERROR - 2023-02-04 15:51:59 --> mysqli_sql_exception: Column count doesn't match value count at row 1 in /app/system/Database/MySQLi/Connection.php:295
Stack trace:
#0 /app/system/Database/MySQLi/Connection.php(295): mysqli->query()
#1 /app/system/Database/BaseConnection.php(691): CodeIgniter\Database\MySQLi\Connection->execute()
#2 /app/system/Database/BaseConnection.php(605): CodeIgniter\Database\BaseConnection->simpleQuery()
#3 /app/app/Models/DatabaseModel.php(76): CodeIgniter\Database\BaseConnection->query()
#4 /app/app/Controllers/GestionEvent.php(16): App\Models\DatabaseModel->newEvent()
#5 /app/system/CodeIgniter.php(934): App\Controllers\GestionEvent->addEvent()
#6 /app/system/CodeIgniter.php(499): CodeIgniter\CodeIgniter->runController()
#7 /app/system/CodeIgniter.php(368): CodeIgniter\CodeIgniter->handleRequest()
#8 /app/public/index.php(67): CodeIgniter\CodeIgniter->run()
#9 {main}
CRITICAL - 2023-02-04 15:51:59 --> Column count doesn't match value count at row 1
in SYSTEMPATH/Database/BaseConnection.php on line 645.
 1 APPPATH/Models/DatabaseModel.php(76): CodeIgniter\Database\BaseConnection->query()
 2 APPPATH/Controllers/GestionEvent.php(16): App\Models\DatabaseModel->newEvent()
 3 SYSTEMPATH/CodeIgniter.php(934): App\Controllers\GestionEvent->addEvent()
 4 SYSTEMPATH/CodeIgniter.php(499): CodeIgniter\CodeIgniter->runController()
 5 SYSTEMPATH/CodeIgniter.php(368): CodeIgniter\CodeIgniter->handleRequest()
 6 FCPATH/index.php(67): CodeIgniter\CodeIgniter->run()
ERROR - 2023-02-04 15:53:09 --> mysqli_sql_exception: You have an error in your SQL syntax; check the manual that corresponds to your MySQL server version for the right syntax to use near ''Lieu','Date','Duree','Estimation_client','id_user') VALUES ('Place de la Coméd' at line 1 in /app/system/Database/MySQLi/Connection.php:295
Stack trace:
#0 /app/system/Database/MySQLi/Connection.php(295): mysqli->query()
#1 /app/system/Database/BaseConnection.php(691): CodeIgniter\Database\MySQLi\Connection->execute()
#2 /app/system/Database/BaseConnection.php(605): CodeIgniter\Database\BaseConnection->simpleQuery()
#3 /app/app/Models/DatabaseModel.php(76): CodeIgniter\Database\BaseConnection->query()
#4 /app/app/Controllers/GestionEvent.php(16): App\Models\DatabaseModel->newEvent()
#5 /app/system/CodeIgniter.php(934): App\Controllers\GestionEvent->addEvent()
#6 /app/system/CodeIgniter.php(499): CodeIgniter\CodeIgniter->runController()
#7 /app/system/CodeIgniter.php(368): CodeIgniter\CodeIgniter->handleRequest()
#8 /app/public/index.php(67): CodeIgniter\CodeIgniter->run()
#9 {main}
CRITICAL - 2023-02-04 15:53:09 --> You have an error in your SQL syntax; check the manual that corresponds to your MySQL server version for the right syntax to use near ''Lieu','Date','Duree','Estimation_client','id_user') VALUES ('Place de la Coméd' at line 1
in SYSTEMPATH/Database/BaseConnection.php on line 645.
 1 APPPATH/Models/DatabaseModel.php(76): CodeIgniter\Database\BaseConnection->query()
 2 APPPATH/Controllers/GestionEvent.php(16): App\Models\DatabaseModel->newEvent()
 3 SYSTEMPATH/CodeIgniter.php(934): App\Controllers\GestionEvent->addEvent()
 4 SYSTEMPATH/CodeIgniter.php(499): CodeIgniter\CodeIgniter->runController()
 5 SYSTEMPATH/CodeIgniter.php(368): CodeIgniter\CodeIgniter->handleRequest()
 6 FCPATH/index.php(67): CodeIgniter\CodeIgniter->run()
