CRITICAL - 2023-02-07 08:53:33 --> Undefined array key "spe"
in APPPATH/Views/findtruck.php on line 10.
 1 APPPATH/Views/findtruck.php(10): CodeIgniter\Debug\Exceptions->errorHandler()
 2 SYSTEMPATH/View/View.php(213): include('APPPATH/Views/findtruck.php')
 3 SYSTEMPATH/View/View.php(216): CodeIgniter\View\View->CodeIgniter\View\{closure}()
 4 SYSTEMPATH/Common.php(1177): CodeIgniter\View\View->render()
 5 APPPATH/Controllers/InfosTrucks.php(25): view()
 6 SYSTEMPATH/CodeIgniter.php(934): App\Controllers\InfosTrucks->getData()
 7 SYSTEMPATH/CodeIgniter.php(499): CodeIgniter\CodeIgniter->runController()
 8 SYSTEMPATH/CodeIgniter.php(368): CodeIgniter\CodeIgniter->handleRequest()
 9 FCPATH/index.php(67): CodeIgniter\CodeIgniter->run()
CRITICAL - 2023-02-07 09:25:41 --> Undefined variable $adresse
in APPPATH/Controllers/Command.php on line 76.
 1 APPPATH/Controllers/Command.php(76): CodeIgniter\Debug\Exceptions->errorHandler()
 2 SYSTEMPATH/CodeIgniter.php(934): App\Controllers\Command->addCommand()
 3 SYSTEMPATH/CodeIgniter.php(499): CodeIgniter\CodeIgniter->runController()
 4 SYSTEMPATH/CodeIgniter.php(368): CodeIgniter\CodeIgniter->handleRequest()
 5 FCPATH/index.php(67): CodeIgniter\CodeIgniter->run()
CRITICAL - 2023-02-07 09:38:30 --> Undefined property: stdClass::$price
in APPPATH/Views/commandGerant.php on line 42.
 1 APPPATH/Views/commandGerant.php(42): CodeIgniter\Debug\Exceptions->errorHandler()
 2 SYSTEMPATH/View/View.php(213): include('APPPATH/Views/commandGerant.php')
 3 SYSTEMPATH/View/View.php(216): CodeIgniter\View\View->CodeIgniter\View\{closure}()
 4 SYSTEMPATH/Common.php(1177): CodeIgniter\View\View->render()
 5 APPPATH/Controllers/Command.php(92): view()
 6 SYSTEMPATH/CodeIgniter.php(934): App\Controllers\Command->gerantPage()
 7 SYSTEMPATH/CodeIgniter.php(499): CodeIgniter\CodeIgniter->runController()
 8 SYSTEMPATH/CodeIgniter.php(368): CodeIgniter\CodeIgniter->handleRequest()
 9 FCPATH/index.php(67): CodeIgniter\CodeIgniter->run()
CRITICAL - 2023-02-07 09:49:56 --> Call to undefined function App\Controllers\gerantPage()
in APPPATH/Controllers/Command.php on line 99.
 1 SYSTEMPATH/CodeIgniter.php(934): App\Controllers\Command->supprCommand()
 2 SYSTEMPATH/CodeIgniter.php(499): CodeIgniter\CodeIgniter->runController()
 3 SYSTEMPATH/CodeIgniter.php(368): CodeIgniter\CodeIgniter->handleRequest()
 4 FCPATH/index.php(67): CodeIgniter\CodeIgniter->run()
CRITICAL - 2023-02-07 12:16:24 --> syntax error, unexpected token "}", expecting "," or ";"
in APPPATH/Views/admin.php on line 33.
 1 SYSTEMPATH/View/View.php(216): CodeIgniter\View\View->CodeIgniter\View\{closure}()
 2 SYSTEMPATH/Common.php(1177): CodeIgniter\View\View->render()
 3 APPPATH/Controllers/CRUD.php(16): view()
 4 SYSTEMPATH/CodeIgniter.php(934): App\Controllers\CRUD->loadPage()
 5 SYSTEMPATH/CodeIgniter.php(499): CodeIgniter\CodeIgniter->runController()
 6 SYSTEMPATH/CodeIgniter.php(368): CodeIgniter\CodeIgniter->handleRequest()
 7 FCPATH/index.php(67): CodeIgniter\CodeIgniter->run()
CRITICAL - 2023-02-07 12:16:33 --> syntax error, unexpected token "}", expecting "," or ";"
in APPPATH/Views/admin.php on line 33.
 1 SYSTEMPATH/View/View.php(216): CodeIgniter\View\View->CodeIgniter\View\{closure}()
 2 SYSTEMPATH/Common.php(1177): CodeIgniter\View\View->render()
 3 APPPATH/Controllers/CRUD.php(16): view()
 4 SYSTEMPATH/CodeIgniter.php(934): App\Controllers\CRUD->loadPage()
 5 SYSTEMPATH/CodeIgniter.php(499): CodeIgniter\CodeIgniter->runController()
 6 SYSTEMPATH/CodeIgniter.php(368): CodeIgniter\CodeIgniter->handleRequest()
 7 FCPATH/index.php(67): CodeIgniter\CodeIgniter->run()
ERROR - 2023-02-07 12:17:27 --> mysqli_sql_exception: You have an error in your SQL syntax; check the manual that corresponds to your MySQL server version for the right syntax to use near '.Role FROM Users u JOIN Roles r ON u.id_role=r.id_role' at line 1 in /app/system/Database/MySQLi/Connection.php:295
Stack trace:
#0 /app/system/Database/MySQLi/Connection.php(295): mysqli->query()
#1 /app/system/Database/BaseConnection.php(691): CodeIgniter\Database\MySQLi\Connection->execute()
#2 /app/system/Database/BaseConnection.php(605): CodeIgniter\Database\BaseConnection->simpleQuery()
#3 /app/app/Models/DatabaseModel.php(160): CodeIgniter\Database\BaseConnection->query()
#4 /app/app/Controllers/CRUD.php(12): App\Models\DatabaseModel->getUsers()
#5 /app/system/CodeIgniter.php(934): App\Controllers\CRUD->loadPage()
#6 /app/system/CodeIgniter.php(499): CodeIgniter\CodeIgniter->runController()
#7 /app/system/CodeIgniter.php(368): CodeIgniter\CodeIgniter->handleRequest()
#8 /app/public/index.php(67): CodeIgniter\CodeIgniter->run()
#9 {main}
CRITICAL - 2023-02-07 12:17:27 --> You have an error in your SQL syntax; check the manual that corresponds to your MySQL server version for the right syntax to use near '.Role FROM Users u JOIN Roles r ON u.id_role=r.id_role' at line 1
in SYSTEMPATH/Database/BaseConnection.php on line 645.
 1 APPPATH/Models/DatabaseModel.php(160): CodeIgniter\Database\BaseConnection->query()
 2 APPPATH/Controllers/CRUD.php(12): App\Models\DatabaseModel->getUsers()
 3 SYSTEMPATH/CodeIgniter.php(934): App\Controllers\CRUD->loadPage()
 4 SYSTEMPATH/CodeIgniter.php(499): CodeIgniter\CodeIgniter->runController()
 5 SYSTEMPATH/CodeIgniter.php(368): CodeIgniter\CodeIgniter->handleRequest()
 6 FCPATH/index.php(67): CodeIgniter\CodeIgniter->run()
CRITICAL - 2023-02-07 12:26:06 --> Undefined property: stdClass::$Role
in APPPATH/Views/admin.php on line 60.
 1 APPPATH/Views/admin.php(60): CodeIgniter\Debug\Exceptions->errorHandler()
 2 SYSTEMPATH/View/View.php(213): include('APPPATH/Views/admin.php')
 3 SYSTEMPATH/View/View.php(216): CodeIgniter\View\View->CodeIgniter\View\{closure}()
 4 SYSTEMPATH/Common.php(1177): CodeIgniter\View\View->render()
 5 APPPATH/Controllers/CRUD.php(16): view()
 6 SYSTEMPATH/CodeIgniter.php(934): App\Controllers\CRUD->loadPage()
 7 SYSTEMPATH/CodeIgniter.php(499): CodeIgniter\CodeIgniter->runController()
 8 SYSTEMPATH/CodeIgniter.php(368): CodeIgniter\CodeIgniter->handleRequest()
 9 FCPATH/index.php(67): CodeIgniter\CodeIgniter->run()
CRITICAL - 2023-02-07 12:26:14 --> Undefined property: stdClass::$id_user
in APPPATH/Views/admin.php on line 61.
 1 APPPATH/Views/admin.php(61): CodeIgniter\Debug\Exceptions->errorHandler()
 2 SYSTEMPATH/View/View.php(213): include('APPPATH/Views/admin.php')
 3 SYSTEMPATH/View/View.php(216): CodeIgniter\View\View->CodeIgniter\View\{closure}()
 4 SYSTEMPATH/Common.php(1177): CodeIgniter\View\View->render()
 5 APPPATH/Controllers/CRUD.php(16): view()
 6 SYSTEMPATH/CodeIgniter.php(934): App\Controllers\CRUD->loadPage()
 7 SYSTEMPATH/CodeIgniter.php(499): CodeIgniter\CodeIgniter->runController()
 8 SYSTEMPATH/CodeIgniter.php(368): CodeIgniter\CodeIgniter->handleRequest()
 9 FCPATH/index.php(67): CodeIgniter\CodeIgniter->run()
ERROR - 2023-02-07 12:44:57 --> mysqli_sql_exception: Unknown column 'd.id_ville' in 'on clause' in /app/system/Database/MySQLi/Connection.php:295
Stack trace:
#0 /app/system/Database/MySQLi/Connection.php(295): mysqli->query()
#1 /app/system/Database/BaseConnection.php(691): CodeIgniter\Database\MySQLi\Connection->execute()
#2 /app/system/Database/BaseConnection.php(605): CodeIgniter\Database\BaseConnection->simpleQuery()
#3 /app/app/Models/DatabaseModel.php(172): CodeIgniter\Database\BaseConnection->query()
#4 /app/app/Controllers/CRUD.php(11): App\Models\DatabaseModel->getFoodTrucks()
#5 /app/system/CodeIgniter.php(934): App\Controllers\CRUD->loadPage()
#6 /app/system/CodeIgniter.php(499): CodeIgniter\CodeIgniter->runController()
#7 /app/system/CodeIgniter.php(368): CodeIgniter\CodeIgniter->handleRequest()
#8 /app/public/index.php(67): CodeIgniter\CodeIgniter->run()
#9 {main}
CRITICAL - 2023-02-07 12:44:57 --> Unknown column 'd.id_ville' in 'on clause'
in SYSTEMPATH/Database/BaseConnection.php on line 645.
 1 APPPATH/Models/DatabaseModel.php(172): CodeIgniter\Database\BaseConnection->query()
 2 APPPATH/Controllers/CRUD.php(11): App\Models\DatabaseModel->getFoodTrucks()
 3 SYSTEMPATH/CodeIgniter.php(934): App\Controllers\CRUD->loadPage()
 4 SYSTEMPATH/CodeIgniter.php(499): CodeIgniter\CodeIgniter->runController()
 5 SYSTEMPATH/CodeIgniter.php(368): CodeIgniter\CodeIgniter->handleRequest()
 6 FCPATH/index.php(67): CodeIgniter\CodeIgniter->run()
CRITICAL - 2023-02-07 12:48:24 --> syntax error, unexpected string content "", expecting "-" or identifier or variable or number
in APPPATH/Views/admin.php on line 94.
 1 SYSTEMPATH/View/View.php(216): CodeIgniter\View\View->CodeIgniter\View\{closure}()
 2 SYSTEMPATH/Common.php(1177): CodeIgniter\View\View->render()
 3 APPPATH/Controllers/CRUD.php(16): view()
 4 SYSTEMPATH/CodeIgniter.php(934): App\Controllers\CRUD->loadPage()
 5 SYSTEMPATH/CodeIgniter.php(499): CodeIgniter\CodeIgniter->runController()
 6 SYSTEMPATH/CodeIgniter.php(368): CodeIgniter\CodeIgniter->handleRequest()
 7 FCPATH/index.php(67): CodeIgniter\CodeIgniter->run()
CRITICAL - 2023-02-07 12:48:44 --> syntax error, unexpected string content "", expecting "-" or identifier or variable or number
in APPPATH/Views/admin.php on line 95.
 1 SYSTEMPATH/View/View.php(216): CodeIgniter\View\View->CodeIgniter\View\{closure}()
 2 SYSTEMPATH/Common.php(1177): CodeIgniter\View\View->render()
 3 APPPATH/Controllers/CRUD.php(16): view()
 4 SYSTEMPATH/CodeIgniter.php(934): App\Controllers\CRUD->loadPage()
 5 SYSTEMPATH/CodeIgniter.php(499): CodeIgniter\CodeIgniter->runController()
 6 SYSTEMPATH/CodeIgniter.php(368): CodeIgniter\CodeIgniter->handleRequest()
 7 FCPATH/index.php(67): CodeIgniter\CodeIgniter->run()
CRITICAL - 2023-02-07 12:49:16 --> Attempt to read property "lundi" on array
in APPPATH/Views/admin.php on line 94.
 1 APPPATH/Views/admin.php(94): CodeIgniter\Debug\Exceptions->errorHandler()
 2 SYSTEMPATH/View/View.php(213): include('APPPATH/Views/admin.php')
 3 SYSTEMPATH/View/View.php(216): CodeIgniter\View\View->CodeIgniter\View\{closure}()
 4 SYSTEMPATH/Common.php(1177): CodeIgniter\View\View->render()
 5 APPPATH/Controllers/CRUD.php(16): view()
 6 SYSTEMPATH/CodeIgniter.php(934): App\Controllers\CRUD->loadPage()
 7 SYSTEMPATH/CodeIgniter.php(499): CodeIgniter\CodeIgniter->runController()
 8 SYSTEMPATH/CodeIgniter.php(368): CodeIgniter\CodeIgniter->handleRequest()
 9 FCPATH/index.php(67): CodeIgniter\CodeIgniter->run()
CRITICAL - 2023-02-07 12:50:01 --> syntax error, unexpected string content "", expecting "-" or identifier or variable or number
in APPPATH/Views/admin.php on line 94.
 1 SYSTEMPATH/View/View.php(216): CodeIgniter\View\View->CodeIgniter\View\{closure}()
 2 SYSTEMPATH/Common.php(1177): CodeIgniter\View\View->render()
 3 APPPATH/Controllers/CRUD.php(16): view()
 4 SYSTEMPATH/CodeIgniter.php(934): App\Controllers\CRUD->loadPage()
 5 SYSTEMPATH/CodeIgniter.php(499): CodeIgniter\CodeIgniter->runController()
 6 SYSTEMPATH/CodeIgniter.php(368): CodeIgniter\CodeIgniter->handleRequest()
 7 FCPATH/index.php(67): CodeIgniter\CodeIgniter->run()
CRITICAL - 2023-02-07 13:05:47 --> Attempt to read property "Nom" on array
in APPPATH/Views/changeUser.php on line 11.
 1 APPPATH/Views/changeUser.php(11): CodeIgniter\Debug\Exceptions->errorHandler()
 2 SYSTEMPATH/View/View.php(213): include('APPPATH/Views/changeUser.php')
 3 SYSTEMPATH/View/View.php(216): CodeIgniter\View\View->CodeIgniter\View\{closure}()
 4 SYSTEMPATH/Common.php(1177): CodeIgniter\View\View->render()
 5 APPPATH/Controllers/CRUD.php(24): view()
 6 SYSTEMPATH/CodeIgniter.php(934): App\Controllers\CRUD->changeUser()
 7 SYSTEMPATH/CodeIgniter.php(499): CodeIgniter\CodeIgniter->runController()
 8 SYSTEMPATH/CodeIgniter.php(368): CodeIgniter\CodeIgniter->handleRequest()
 9 FCPATH/index.php(67): CodeIgniter\CodeIgniter->run()
CRITICAL - 2023-02-07 13:05:58 --> Attempt to read property "Nom" on array
in APPPATH/Views/changeUser.php on line 11.
 1 APPPATH/Views/changeUser.php(11): CodeIgniter\Debug\Exceptions->errorHandler()
 2 SYSTEMPATH/View/View.php(213): include('APPPATH/Views/changeUser.php')
 3 SYSTEMPATH/View/View.php(216): CodeIgniter\View\View->CodeIgniter\View\{closure}()
 4 SYSTEMPATH/Common.php(1177): CodeIgniter\View\View->render()
 5 APPPATH/Controllers/CRUD.php(24): view()
 6 SYSTEMPATH/CodeIgniter.php(934): App\Controllers\CRUD->changeUser()
 7 SYSTEMPATH/CodeIgniter.php(499): CodeIgniter\CodeIgniter->runController()
 8 SYSTEMPATH/CodeIgniter.php(368): CodeIgniter\CodeIgniter->handleRequest()
 9 FCPATH/index.php(67): CodeIgniter\CodeIgniter->run()
CRITICAL - 2023-02-07 13:06:06 --> Attempt to read property "Nom" on array
in APPPATH/Views/changeUser.php on line 11.
 1 APPPATH/Views/changeUser.php(11): CodeIgniter\Debug\Exceptions->errorHandler()
 2 SYSTEMPATH/View/View.php(213): include('APPPATH/Views/changeUser.php')
 3 SYSTEMPATH/View/View.php(216): CodeIgniter\View\View->CodeIgniter\View\{closure}()
 4 SYSTEMPATH/Common.php(1177): CodeIgniter\View\View->render()
 5 APPPATH/Controllers/CRUD.php(24): view()
 6 SYSTEMPATH/CodeIgniter.php(934): App\Controllers\CRUD->changeUser()
 7 SYSTEMPATH/CodeIgniter.php(499): CodeIgniter\CodeIgniter->runController()
 8 SYSTEMPATH/CodeIgniter.php(368): CodeIgniter\CodeIgniter->handleRequest()
 9 FCPATH/index.php(67): CodeIgniter\CodeIgniter->run()
CRITICAL - 2023-02-07 13:19:19 --> syntax error, unexpected token "}", expecting identifier or variable or "{" or "$"
in APPPATH/Controllers/CRUD.php on line 63.
 1 SYSTEMPATH/Autoloader/Autoloader.php(289): CodeIgniter\Autoloader\Autoloader->includeFile()
 2 SYSTEMPATH/Autoloader/Autoloader.php(267): CodeIgniter\Autoloader\Autoloader->loadInNamespace()
 3 [internal function]: CodeIgniter\Autoloader\Autoloader->loadClass()
 4 SYSTEMPATH/CodeIgniter.php(892): class_exists()
 5 SYSTEMPATH/CodeIgniter.php(486): CodeIgniter\CodeIgniter->startController()
 6 SYSTEMPATH/CodeIgniter.php(368): CodeIgniter\CodeIgniter->handleRequest()
 7 FCPATH/index.php(67): CodeIgniter\CodeIgniter->run()
CRITICAL - 2023-02-07 13:19:21 --> syntax error, unexpected token "}", expecting identifier or variable or "{" or "$"
in APPPATH/Controllers/CRUD.php on line 63.
 1 SYSTEMPATH/Autoloader/Autoloader.php(289): CodeIgniter\Autoloader\Autoloader->includeFile()
 2 SYSTEMPATH/Autoloader/Autoloader.php(267): CodeIgniter\Autoloader\Autoloader->loadInNamespace()
 3 [internal function]: CodeIgniter\Autoloader\Autoloader->loadClass()
 4 SYSTEMPATH/CodeIgniter.php(892): class_exists()
 5 SYSTEMPATH/CodeIgniter.php(486): CodeIgniter\CodeIgniter->startController()
 6 SYSTEMPATH/CodeIgniter.php(368): CodeIgniter\CodeIgniter->handleRequest()
 7 FCPATH/index.php(67): CodeIgniter\CodeIgniter->run()
CRITICAL - 2023-02-07 13:55:22 --> view(): Argument #2 ($data) must be of type array, string given, called in /app/app/Controllers/CRUD.php on line 55
in SYSTEMPATH/Common.php on line 1163.
 1 APPPATH/Controllers/CRUD.php(55): view()
 2 SYSTEMPATH/CodeIgniter.php(934): App\Controllers\CRUD->changeTruck()
 3 SYSTEMPATH/CodeIgniter.php(499): CodeIgniter\CodeIgniter->runController()
 4 SYSTEMPATH/CodeIgniter.php(368): CodeIgniter\CodeIgniter->handleRequest()
 5 FCPATH/index.php(67): CodeIgniter\CodeIgniter->run()
CRITICAL - 2023-02-07 14:07:11 --> syntax error, unexpected variable "$truck", expecting "," or ";"
in APPPATH/Views/changeTruck.php on line 40.
 1 SYSTEMPATH/View/View.php(216): CodeIgniter\View\View->CodeIgniter\View\{closure}()
 2 SYSTEMPATH/Common.php(1177): CodeIgniter\View\View->render()
 3 APPPATH/Controllers/CRUD.php(58): view()
 4 SYSTEMPATH/CodeIgniter.php(934): App\Controllers\CRUD->changeTruck()
 5 SYSTEMPATH/CodeIgniter.php(499): CodeIgniter\CodeIgniter->runController()
 6 SYSTEMPATH/CodeIgniter.php(368): CodeIgniter\CodeIgniter->handleRequest()
 7 FCPATH/index.php(67): CodeIgniter\CodeIgniter->run()
CRITICAL - 2023-02-07 14:13:21 --> Undefined variable $data
in APPPATH/Models/DatabaseModel.php on line 227.
 1 APPPATH/Models/DatabaseModel.php(227): CodeIgniter\Debug\Exceptions->errorHandler()
 2 APPPATH/Controllers/CRUD.php(79): App\Models\DatabaseModel->updFoodTruck()
 3 SYSTEMPATH/CodeIgniter.php(934): App\Controllers\CRUD->modif()
 4 SYSTEMPATH/CodeIgniter.php(499): CodeIgniter\CodeIgniter->runController()
 5 SYSTEMPATH/CodeIgniter.php(368): CodeIgniter\CodeIgniter->handleRequest()
 6 FCPATH/index.php(67): CodeIgniter\CodeIgniter->run()
CRITICAL - 2023-02-07 14:37:46 --> Undefined property: stdClass::$Lieu
in APPPATH/Views/eventsAdmin.php on line 43.
 1 APPPATH/Views/eventsAdmin.php(43): CodeIgniter\Debug\Exceptions->errorHandler()
 2 SYSTEMPATH/View/View.php(213): include('APPPATH/Views/eventsAdmin.php')
 3 SYSTEMPATH/View/View.php(216): CodeIgniter\View\View->CodeIgniter\View\{closure}()
 4 SYSTEMPATH/Common.php(1177): CodeIgniter\View\View->render()
 5 APPPATH/Controllers/GestionEvent.php(65): view()
 6 SYSTEMPATH/CodeIgniter.php(934): App\Controllers\GestionEvent->verifRole()
 7 SYSTEMPATH/CodeIgniter.php(499): CodeIgniter\CodeIgniter->runController()
 8 SYSTEMPATH/CodeIgniter.php(368): CodeIgniter\CodeIgniter->handleRequest()
 9 FCPATH/index.php(67): CodeIgniter\CodeIgniter->run()
CRITICAL - 2023-02-07 20:15:02 --> compact(): Undefined variable $specialite
in APPPATH/Controllers/InfosTrucks.php on line 25.
 1 [internal function]: CodeIgniter\Debug\Exceptions->errorHandler()
 2 APPPATH/Controllers/InfosTrucks.php(25): compact()
 3 SYSTEMPATH/CodeIgniter.php(934): App\Controllers\InfosTrucks->getData()
 4 SYSTEMPATH/CodeIgniter.php(499): CodeIgniter\CodeIgniter->runController()
 5 SYSTEMPATH/CodeIgniter.php(368): CodeIgniter\CodeIgniter->handleRequest()
 6 FCPATH/index.php(67): CodeIgniter\CodeIgniter->run()
CRITICAL - 2023-02-07 20:15:17 --> Undefined variable $specialite
in APPPATH/Views/findtruck.php on line 12.
 1 APPPATH/Views/findtruck.php(12): CodeIgniter\Debug\Exceptions->errorHandler()
 2 SYSTEMPATH/View/View.php(213): include('APPPATH/Views/findtruck.php')
 3 SYSTEMPATH/View/View.php(216): CodeIgniter\View\View->CodeIgniter\View\{closure}()
 4 SYSTEMPATH/Common.php(1177): CodeIgniter\View\View->render()
 5 APPPATH/Controllers/InfosTrucks.php(25): view()
 6 SYSTEMPATH/CodeIgniter.php(934): App\Controllers\InfosTrucks->getData()
 7 SYSTEMPATH/CodeIgniter.php(499): CodeIgniter\CodeIgniter->runController()
 8 SYSTEMPATH/CodeIgniter.php(368): CodeIgniter\CodeIgniter->handleRequest()
 9 FCPATH/index.php(67): CodeIgniter\CodeIgniter->run()
CRITICAL - 2023-02-07 20:19:14 --> Undefined variable $specialites
in APPPATH/Views/accueil.php on line 2.
 1 APPPATH/Views/accueil.php(2): CodeIgniter\Debug\Exceptions->errorHandler()
 2 SYSTEMPATH/View/View.php(213): include('APPPATH/Views/accueil.php')
 3 SYSTEMPATH/View/View.php(216): CodeIgniter\View\View->CodeIgniter\View\{closure}()
 4 SYSTEMPATH/Common.php(1177): CodeIgniter\View\View->render()
 5 APPPATH/Controllers/Verif.php(33): view()
 6 SYSTEMPATH/CodeIgniter.php(934): App\Controllers\Verif->start()
 7 SYSTEMPATH/CodeIgniter.php(499): CodeIgniter\CodeIgniter->runController()
 8 SYSTEMPATH/CodeIgniter.php(368): CodeIgniter\CodeIgniter->handleRequest()
 9 FCPATH/index.php(67): CodeIgniter\CodeIgniter->run()
CRITICAL - 2023-02-07 20:20:54 --> Undefined variable $specialites
in APPPATH/Views/accueil.php on line 2.
 1 APPPATH/Views/accueil.php(2): CodeIgniter\Debug\Exceptions->errorHandler()
 2 SYSTEMPATH/View/View.php(213): include('APPPATH/Views/accueil.php')
 3 SYSTEMPATH/View/View.php(216): CodeIgniter\View\View->CodeIgniter\View\{closure}()
 4 SYSTEMPATH/Common.php(1177): CodeIgniter\View\View->render()
 5 APPPATH/Controllers/Pages.php(31): view()
 6 SYSTEMPATH/CodeIgniter.php(934): App\Controllers\Pages->logOut()
 7 SYSTEMPATH/CodeIgniter.php(499): CodeIgniter\CodeIgniter->runController()
 8 SYSTEMPATH/CodeIgniter.php(368): CodeIgniter\CodeIgniter->handleRequest()
 9 FCPATH/index.php(67): CodeIgniter\CodeIgniter->run()
CRITICAL - 2023-02-07 20:33:41 --> Undefined variable $specialites
in APPPATH/Views/findtruck.php on line 10.
 1 APPPATH/Views/findtruck.php(10): CodeIgniter\Debug\Exceptions->errorHandler()
 2 SYSTEMPATH/View/View.php(213): include('APPPATH/Views/findtruck.php')
 3 SYSTEMPATH/View/View.php(216): CodeIgniter\View\View->CodeIgniter\View\{closure}()
 4 SYSTEMPATH/Common.php(1177): CodeIgniter\View\View->render()
 5 APPPATH/Controllers/Trucks.php(22): view()
 6 SYSTEMPATH/CodeIgniter.php(934): App\Controllers\Trucks->findTruck()
 7 SYSTEMPATH/CodeIgniter.php(499): CodeIgniter\CodeIgniter->runController()
 8 SYSTEMPATH/CodeIgniter.php(368): CodeIgniter\CodeIgniter->handleRequest()
 9 FCPATH/index.php(67): CodeIgniter\CodeIgniter->run()
CRITICAL - 2023-02-07 20:35:55 --> Undefined variable $specialites
in APPPATH/Views/findtruck.php on line 10.
 1 APPPATH/Views/findtruck.php(10): CodeIgniter\Debug\Exceptions->errorHandler()
 2 SYSTEMPATH/View/View.php(213): include('APPPATH/Views/findtruck.php')
 3 SYSTEMPATH/View/View.php(216): CodeIgniter\View\View->CodeIgniter\View\{closure}()
 4 SYSTEMPATH/Common.php(1177): CodeIgniter\View\View->render()
 5 APPPATH/Controllers/Trucks.php(22): view()
 6 SYSTEMPATH/CodeIgniter.php(934): App\Controllers\Trucks->findTruck()
 7 SYSTEMPATH/CodeIgniter.php(499): CodeIgniter\CodeIgniter->runController()
 8 SYSTEMPATH/CodeIgniter.php(368): CodeIgniter\CodeIgniter->handleRequest()
 9 FCPATH/index.php(67): CodeIgniter\CodeIgniter->run()
CRITICAL - 2023-02-07 20:36:48 --> Cannot use App\Models\TrucksModel as TrucksModel because the name is already in use
in APPPATH/Controllers/Trucks.php on line 8.
 1 [internal function]: CodeIgniter\Debug\Exceptions->shutdownHandler()
