CRITICAL - 2023-02-02 07:50:08 --> Undefined array key "spe"
in APPPATH/Views/findtruck.php on line 10.
 1 APPPATH/Views/findtruck.php(10): CodeIgniter\Debug\Exceptions->errorHandler()
 2 SYSTEMPATH/View/View.php(213): include('APPPATH/Views/findtruck.php')
 3 SYSTEMPATH/View/View.php(216): CodeIgniter\View\View->CodeIgniter\View\{closure}()
 4 SYSTEMPATH/Common.php(1177): CodeIgniter\View\View->render()
 5 APPPATH/Controllers/InfosTrucks.php(20): view()
 6 SYSTEMPATH/CodeIgniter.php(934): App\Controllers\InfosTrucks->getData()
 7 SYSTEMPATH/CodeIgniter.php(499): CodeIgniter\CodeIgniter->runController()
 8 SYSTEMPATH/CodeIgniter.php(368): CodeIgniter\CodeIgniter->handleRequest()
 9 FCPATH/index.php(67): CodeIgniter\CodeIgniter->run()
CRITICAL - 2023-02-02 08:05:24 --> Class "App\Controllers\Database" not found
in APPPATH/Controllers/Trucks.php on line 27.
 1 SYSTEMPATH/CodeIgniter.php(934): App\Controllers\Trucks->findTruck()
 2 SYSTEMPATH/CodeIgniter.php(499): CodeIgniter\CodeIgniter->runController()
 3 SYSTEMPATH/CodeIgniter.php(368): CodeIgniter\CodeIgniter->handleRequest()
 4 FCPATH/index.php(67): CodeIgniter\CodeIgniter->run()
CRITICAL - 2023-02-02 08:05:48 --> syntax error, unexpected token "return"
in APPPATH/Models/DatabaseModel.php on line 25.
 1 SYSTEMPATH/Autoloader/Autoloader.php(289): CodeIgniter\Autoloader\Autoloader->includeFile()
 2 SYSTEMPATH/Autoloader/Autoloader.php(267): CodeIgniter\Autoloader\Autoloader->loadInNamespace()
 3 APPPATH/Controllers/Trucks.php(27): CodeIgniter\Autoloader\Autoloader->loadClass()
 4 SYSTEMPATH/CodeIgniter.php(934): App\Controllers\Trucks->findTruck()
 5 SYSTEMPATH/CodeIgniter.php(499): CodeIgniter\CodeIgniter->runController()
 6 SYSTEMPATH/CodeIgniter.php(368): CodeIgniter\CodeIgniter->handleRequest()
 7 FCPATH/index.php(67): CodeIgniter\CodeIgniter->run()
CRITICAL - 2023-02-02 08:06:19 --> Constant expression contains invalid operations
in APPPATH/Models/DatabaseModel.php on line 9.
 1 [internal function]: CodeIgniter\Debug\Exceptions->shutdownHandler()
CRITICAL - 2023-02-02 08:06:53 --> Undefined variable $spe
in APPPATH/Controllers/Trucks.php on line 30.
 1 APPPATH/Controllers/Trucks.php(30): CodeIgniter\Debug\Exceptions->errorHandler()
 2 SYSTEMPATH/CodeIgniter.php(934): App\Controllers\Trucks->findTruck()
 3 SYSTEMPATH/CodeIgniter.php(499): CodeIgniter\CodeIgniter->runController()
 4 SYSTEMPATH/CodeIgniter.php(368): CodeIgniter\CodeIgniter->handleRequest()
 5 FCPATH/index.php(67): CodeIgniter\CodeIgniter->run()
CRITICAL - 2023-02-02 08:11:42 --> syntax error, unexpected identifier "l"
in APPPATH/Controllers/Trucks.php on line 28.
 1 SYSTEMPATH/Autoloader/Autoloader.php(289): CodeIgniter\Autoloader\Autoloader->includeFile()
 2 SYSTEMPATH/Autoloader/Autoloader.php(267): CodeIgniter\Autoloader\Autoloader->loadInNamespace()
 3 [internal function]: CodeIgniter\Autoloader\Autoloader->loadClass()
 4 SYSTEMPATH/CodeIgniter.php(892): class_exists()
 5 SYSTEMPATH/CodeIgniter.php(486): CodeIgniter\CodeIgniter->startController()
 6 SYSTEMPATH/CodeIgniter.php(368): CodeIgniter\CodeIgniter->handleRequest()
 7 FCPATH/index.php(67): CodeIgniter\CodeIgniter->run()
ERROR - 2023-02-02 08:13:05 --> mysqli_sql_exception: Unknown column 'Montpellier' in 'where clause' in /app/system/Database/MySQLi/Connection.php:295
Stack trace:
#0 /app/system/Database/MySQLi/Connection.php(295): mysqli->query()
#1 /app/system/Database/BaseConnection.php(691): CodeIgniter\Database\MySQLi\Connection->execute()
#2 /app/system/Database/BaseConnection.php(605): CodeIgniter\Database\BaseConnection->simpleQuery()
#3 /app/app/Models/DatabaseModel.php(26): CodeIgniter\Database\BaseConnection->query()
#4 /app/app/Controllers/Trucks.php(32): App\Models\DatabaseModel->getTruck()
#5 /app/system/CodeIgniter.php(934): App\Controllers\Trucks->findTruck()
#6 /app/system/CodeIgniter.php(499): CodeIgniter\CodeIgniter->runController()
#7 /app/system/CodeIgniter.php(368): CodeIgniter\CodeIgniter->handleRequest()
#8 /app/public/index.php(67): CodeIgniter\CodeIgniter->run()
#9 {main}
CRITICAL - 2023-02-02 08:13:05 --> Unknown column 'Montpellier' in 'where clause'
in SYSTEMPATH/Database/BaseConnection.php on line 645.
 1 APPPATH/Models/DatabaseModel.php(26): CodeIgniter\Database\BaseConnection->query()
 2 APPPATH/Controllers/Trucks.php(32): App\Models\DatabaseModel->getTruck()
 3 SYSTEMPATH/CodeIgniter.php(934): App\Controllers\Trucks->findTruck()
 4 SYSTEMPATH/CodeIgniter.php(499): CodeIgniter\CodeIgniter->runController()
 5 SYSTEMPATH/CodeIgniter.php(368): CodeIgniter\CodeIgniter->handleRequest()
 6 FCPATH/index.php(67): CodeIgniter\CodeIgniter->run()
ERROR - 2023-02-02 08:13:37 --> mysqli_sql_exception: Unknown column 'Montpellier' in 'where clause' in /app/system/Database/MySQLi/Connection.php:295
Stack trace:
#0 /app/system/Database/MySQLi/Connection.php(295): mysqli->query()
#1 /app/system/Database/BaseConnection.php(691): CodeIgniter\Database\MySQLi\Connection->execute()
#2 /app/system/Database/BaseConnection.php(605): CodeIgniter\Database\BaseConnection->simpleQuery()
#3 /app/app/Models/DatabaseModel.php(26): CodeIgniter\Database\BaseConnection->query()
#4 /app/app/Controllers/Trucks.php(32): App\Models\DatabaseModel->getTruck()
#5 /app/system/CodeIgniter.php(934): App\Controllers\Trucks->findTruck()
#6 /app/system/CodeIgniter.php(499): CodeIgniter\CodeIgniter->runController()
#7 /app/system/CodeIgniter.php(368): CodeIgniter\CodeIgniter->handleRequest()
#8 /app/public/index.php(67): CodeIgniter\CodeIgniter->run()
#9 {main}
CRITICAL - 2023-02-02 08:13:37 --> Unknown column 'Montpellier' in 'where clause'
in SYSTEMPATH/Database/BaseConnection.php on line 645.
 1 APPPATH/Models/DatabaseModel.php(26): CodeIgniter\Database\BaseConnection->query()
 2 APPPATH/Controllers/Trucks.php(32): App\Models\DatabaseModel->getTruck()
 3 SYSTEMPATH/CodeIgniter.php(934): App\Controllers\Trucks->findTruck()
 4 SYSTEMPATH/CodeIgniter.php(499): CodeIgniter\CodeIgniter->runController()
 5 SYSTEMPATH/CodeIgniter.php(368): CodeIgniter\CodeIgniter->handleRequest()
 6 FCPATH/index.php(67): CodeIgniter\CodeIgniter->run()
ERROR - 2023-02-02 08:14:05 --> mysqli_sql_exception: You have an error in your SQL syntax; check the manual that corresponds to your MySQL server version for the right syntax to use near '==  Montpellier' at line 1 in /app/system/Database/MySQLi/Connection.php:295
Stack trace:
#0 /app/system/Database/MySQLi/Connection.php(295): mysqli->query()
#1 /app/system/Database/BaseConnection.php(691): CodeIgniter\Database\MySQLi\Connection->execute()
#2 /app/system/Database/BaseConnection.php(605): CodeIgniter\Database\BaseConnection->simpleQuery()
#3 /app/app/Models/DatabaseModel.php(26): CodeIgniter\Database\BaseConnection->query()
#4 /app/app/Controllers/Trucks.php(32): App\Models\DatabaseModel->getTruck()
#5 /app/system/CodeIgniter.php(934): App\Controllers\Trucks->findTruck()
#6 /app/system/CodeIgniter.php(499): CodeIgniter\CodeIgniter->runController()
#7 /app/system/CodeIgniter.php(368): CodeIgniter\CodeIgniter->handleRequest()
#8 /app/public/index.php(67): CodeIgniter\CodeIgniter->run()
#9 {main}
CRITICAL - 2023-02-02 08:14:05 --> You have an error in your SQL syntax; check the manual that corresponds to your MySQL server version for the right syntax to use near '==  Montpellier' at line 1
in SYSTEMPATH/Database/BaseConnection.php on line 645.
 1 APPPATH/Models/DatabaseModel.php(26): CodeIgniter\Database\BaseConnection->query()
 2 APPPATH/Controllers/Trucks.php(32): App\Models\DatabaseModel->getTruck()
 3 SYSTEMPATH/CodeIgniter.php(934): App\Controllers\Trucks->findTruck()
 4 SYSTEMPATH/CodeIgniter.php(499): CodeIgniter\CodeIgniter->runController()
 5 SYSTEMPATH/CodeIgniter.php(368): CodeIgniter\CodeIgniter->handleRequest()
 6 FCPATH/index.php(67): CodeIgniter\CodeIgniter->run()
ERROR - 2023-02-02 08:14:13 --> mysqli_sql_exception: Unknown column 'Montpellier' in 'where clause' in /app/system/Database/MySQLi/Connection.php:295
Stack trace:
#0 /app/system/Database/MySQLi/Connection.php(295): mysqli->query()
#1 /app/system/Database/BaseConnection.php(691): CodeIgniter\Database\MySQLi\Connection->execute()
#2 /app/system/Database/BaseConnection.php(605): CodeIgniter\Database\BaseConnection->simpleQuery()
#3 /app/app/Models/DatabaseModel.php(26): CodeIgniter\Database\BaseConnection->query()
#4 /app/app/Controllers/Trucks.php(32): App\Models\DatabaseModel->getTruck()
#5 /app/system/CodeIgniter.php(934): App\Controllers\Trucks->findTruck()
#6 /app/system/CodeIgniter.php(499): CodeIgniter\CodeIgniter->runController()
#7 /app/system/CodeIgniter.php(368): CodeIgniter\CodeIgniter->handleRequest()
#8 /app/public/index.php(67): CodeIgniter\CodeIgniter->run()
#9 {main}
CRITICAL - 2023-02-02 08:14:13 --> Unknown column 'Montpellier' in 'where clause'
in SYSTEMPATH/Database/BaseConnection.php on line 645.
 1 APPPATH/Models/DatabaseModel.php(26): CodeIgniter\Database\BaseConnection->query()
 2 APPPATH/Controllers/Trucks.php(32): App\Models\DatabaseModel->getTruck()
 3 SYSTEMPATH/CodeIgniter.php(934): App\Controllers\Trucks->findTruck()
 4 SYSTEMPATH/CodeIgniter.php(499): CodeIgniter\CodeIgniter->runController()
 5 SYSTEMPATH/CodeIgniter.php(368): CodeIgniter\CodeIgniter->handleRequest()
 6 FCPATH/index.php(67): CodeIgniter\CodeIgniter->run()
CRITICAL - 2023-02-02 08:29:04 --> Class "App\Controllers\TrucksMode" not found
in APPPATH/Controllers/Trucks.php on line 34.
 1 SYSTEMPATH/CodeIgniter.php(934): App\Controllers\Trucks->findTruck()
 2 SYSTEMPATH/CodeIgniter.php(499): CodeIgniter\CodeIgniter->runController()
 3 SYSTEMPATH/CodeIgniter.php(368): CodeIgniter\CodeIgniter->handleRequest()
 4 FCPATH/index.php(67): CodeIgniter\CodeIgniter->run()
CRITICAL - 2023-02-02 08:29:15 --> Array to string conversion
in SYSTEMPATH/Database/Query.php on line 329.
 1 [internal function]: CodeIgniter\Debug\Exceptions->errorHandler()
 2 SYSTEMPATH/Database/Query.php(329): implode()
 3 SYSTEMPATH/Database/Query.php(310): CodeIgniter\Database\Query->matchNamedBinds()
 4 SYSTEMPATH/Database/Query.php(159): CodeIgniter\Database\Query->compileBinds()
 5 SYSTEMPATH/Database/BaseConnection.php(605): CodeIgniter\Database\Query->getQuery()
 6 SYSTEMPATH/Database/BaseBuilder.php(2295): CodeIgniter\Database\BaseConnection->query()
 7 SYSTEMPATH/Model.php(329): CodeIgniter\Database\BaseBuilder->insert()
 8 SYSTEMPATH/BaseModel.php(782): CodeIgniter\Model->doInsert()
 9 SYSTEMPATH/Model.php(729): CodeIgniter\BaseModel->insert()
10 APPPATH/Controllers/Trucks.php(62): CodeIgniter\Model->insert()
11 SYSTEMPATH/CodeIgniter.php(934): App\Controllers\Trucks->findTruck()
12 SYSTEMPATH/CodeIgniter.php(499): CodeIgniter\CodeIgniter->runController()
13 SYSTEMPATH/CodeIgniter.php(368): CodeIgniter\CodeIgniter->handleRequest()
14 FCPATH/index.php(67): CodeIgniter\CodeIgniter->run()
CRITICAL - 2023-02-02 08:30:11 --> syntax error, unexpected token "=", expecting "]"
in APPPATH/Controllers/Trucks.php on line 58.
 1 SYSTEMPATH/Autoloader/Autoloader.php(289): CodeIgniter\Autoloader\Autoloader->includeFile()
 2 SYSTEMPATH/Autoloader/Autoloader.php(267): CodeIgniter\Autoloader\Autoloader->loadInNamespace()
 3 [internal function]: CodeIgniter\Autoloader\Autoloader->loadClass()
 4 SYSTEMPATH/CodeIgniter.php(892): class_exists()
 5 SYSTEMPATH/CodeIgniter.php(486): CodeIgniter\CodeIgniter->startController()
 6 SYSTEMPATH/CodeIgniter.php(368): CodeIgniter\CodeIgniter->handleRequest()
 7 FCPATH/index.php(67): CodeIgniter\CodeIgniter->run()
CRITICAL - 2023-02-02 08:40:54 --> syntax error, unexpected token "}"
in APPPATH/Views/findtruck.php on line 38.
 1 SYSTEMPATH/View/View.php(216): CodeIgniter\View\View->CodeIgniter\View\{closure}()
 2 SYSTEMPATH/Common.php(1177): CodeIgniter\View\View->render()
 3 APPPATH/Controllers/InfosTrucks.php(20): view()
 4 SYSTEMPATH/CodeIgniter.php(934): App\Controllers\InfosTrucks->getData()
 5 SYSTEMPATH/CodeIgniter.php(499): CodeIgniter\CodeIgniter->runController()
 6 SYSTEMPATH/CodeIgniter.php(368): CodeIgniter\CodeIgniter->handleRequest()
 7 FCPATH/index.php(67): CodeIgniter\CodeIgniter->run()
CRITICAL - 2023-02-02 08:53:40 --> setcookie(): Argument #2 ($value) must be of type string, array given
in APPPATH/Controllers/InfosTrucks.php on line 23.
 1 APPPATH/Controllers/InfosTrucks.php(23): setcookie()
 2 SYSTEMPATH/CodeIgniter.php(934): App\Controllers\InfosTrucks->getData()
 3 SYSTEMPATH/CodeIgniter.php(499): CodeIgniter\CodeIgniter->runController()
 4 SYSTEMPATH/CodeIgniter.php(368): CodeIgniter\CodeIgniter->handleRequest()
 5 FCPATH/index.php(67): CodeIgniter\CodeIgniter->run()
CRITICAL - 2023-02-02 09:00:15 --> syntax error, unexpected variable "$result", expecting "function" or "const"
in APPPATH/Controllers/Trucks.php on line 9.
 1 SYSTEMPATH/Autoloader/Autoloader.php(289): CodeIgniter\Autoloader\Autoloader->includeFile()
 2 SYSTEMPATH/Autoloader/Autoloader.php(267): CodeIgniter\Autoloader\Autoloader->loadInNamespace()
 3 APPPATH/Views/findtruck.php(45): CodeIgniter\Autoloader\Autoloader->loadClass()
 4 SYSTEMPATH/View/View.php(213): include('APPPATH/Views/findtruck.php')
 5 SYSTEMPATH/View/View.php(216): CodeIgniter\View\View->CodeIgniter\View\{closure}()
 6 SYSTEMPATH/Common.php(1177): CodeIgniter\View\View->render()
 7 APPPATH/Controllers/InfosTrucks.php(26): view()
 8 SYSTEMPATH/CodeIgniter.php(934): App\Controllers\InfosTrucks->getData()
 9 SYSTEMPATH/CodeIgniter.php(499): CodeIgniter\CodeIgniter->runController()
10 SYSTEMPATH/CodeIgniter.php(368): CodeIgniter\CodeIgniter->handleRequest()
11 FCPATH/index.php(67): CodeIgniter\CodeIgniter->run()
CRITICAL - 2023-02-02 09:20:36 --> syntax error, unexpected double-quote mark, expecting "-" or identifier or variable or number
in APPPATH/Views/findtruck.php on line 41.
 1 SYSTEMPATH/View/View.php(216): CodeIgniter\View\View->CodeIgniter\View\{closure}()
 2 SYSTEMPATH/Common.php(1177): CodeIgniter\View\View->render()
 3 APPPATH/Controllers/Trucks.php(22): view()
 4 SYSTEMPATH/CodeIgniter.php(934): App\Controllers\Trucks->findTruck()
 5 SYSTEMPATH/CodeIgniter.php(499): CodeIgniter\CodeIgniter->runController()
 6 SYSTEMPATH/CodeIgniter.php(368): CodeIgniter\CodeIgniter->handleRequest()
 7 FCPATH/index.php(67): CodeIgniter\CodeIgniter->run()
CRITICAL - 2023-02-02 09:20:46 --> syntax error, unexpected double-quote mark, expecting "-" or identifier or variable or number
in APPPATH/Views/findtruck.php on line 41.
 1 SYSTEMPATH/View/View.php(216): CodeIgniter\View\View->CodeIgniter\View\{closure}()
 2 SYSTEMPATH/Common.php(1177): CodeIgniter\View\View->render()
 3 APPPATH/Controllers/Trucks.php(22): view()
 4 SYSTEMPATH/CodeIgniter.php(934): App\Controllers\Trucks->findTruck()
 5 SYSTEMPATH/CodeIgniter.php(499): CodeIgniter\CodeIgniter->runController()
 6 SYSTEMPATH/CodeIgniter.php(368): CodeIgniter\CodeIgniter->handleRequest()
 7 FCPATH/index.php(67): CodeIgniter\CodeIgniter->run()
CRITICAL - 2023-02-02 09:22:14 --> Cannot use object of type stdClass as array
in APPPATH/Views/findtruck.php on line 41.
 1 SYSTEMPATH/View/View.php(213): include()
 2 SYSTEMPATH/View/View.php(216): CodeIgniter\View\View->CodeIgniter\View\{closure}()
 3 SYSTEMPATH/Common.php(1177): CodeIgniter\View\View->render()
 4 APPPATH/Controllers/Trucks.php(22): view()
 5 SYSTEMPATH/CodeIgniter.php(934): App\Controllers\Trucks->findTruck()
 6 SYSTEMPATH/CodeIgniter.php(499): CodeIgniter\CodeIgniter->runController()
 7 SYSTEMPATH/CodeIgniter.php(368): CodeIgniter\CodeIgniter->handleRequest()
 8 FCPATH/index.php(67): CodeIgniter\CodeIgniter->run()
CRITICAL - 2023-02-02 09:28:18 --> Attempt to read property "Nom" on array
in APPPATH/Views/findtruck.php on line 41.
 1 APPPATH/Views/findtruck.php(41): CodeIgniter\Debug\Exceptions->errorHandler()
 2 SYSTEMPATH/View/View.php(213): include('APPPATH/Views/findtruck.php')
 3 SYSTEMPATH/View/View.php(216): CodeIgniter\View\View->CodeIgniter\View\{closure}()
 4 SYSTEMPATH/Common.php(1177): CodeIgniter\View\View->render()
 5 APPPATH/Controllers/InfosTrucks.php(24): view()
 6 SYSTEMPATH/CodeIgniter.php(934): App\Controllers\InfosTrucks->getData()
 7 SYSTEMPATH/CodeIgniter.php(499): CodeIgniter\CodeIgniter->runController()
 8 SYSTEMPATH/CodeIgniter.php(368): CodeIgniter\CodeIgniter->handleRequest()
 9 FCPATH/index.php(67): CodeIgniter\CodeIgniter->run()
CRITICAL - 2023-02-02 09:34:07 --> Cannot use object of type stdClass as array
in APPPATH/Views/findtruck.php on line 39.
 1 SYSTEMPATH/View/View.php(213): include()
 2 SYSTEMPATH/View/View.php(216): CodeIgniter\View\View->CodeIgniter\View\{closure}()
 3 SYSTEMPATH/Common.php(1177): CodeIgniter\View\View->render()
 4 APPPATH/Controllers/Trucks.php(22): view()
 5 SYSTEMPATH/CodeIgniter.php(934): App\Controllers\Trucks->findTruck()
 6 SYSTEMPATH/CodeIgniter.php(499): CodeIgniter\CodeIgniter->runController()
 7 SYSTEMPATH/CodeIgniter.php(368): CodeIgniter\CodeIgniter->handleRequest()
 8 FCPATH/index.php(67): CodeIgniter\CodeIgniter->run()
CRITICAL - 2023-02-02 09:36:50 --> Undefined array key "jeud"
in APPPATH/Views/findtruck.php on line 53.
 1 APPPATH/Views/findtruck.php(53): CodeIgniter\Debug\Exceptions->errorHandler()
 2 SYSTEMPATH/View/View.php(213): include('APPPATH/Views/findtruck.php')
 3 SYSTEMPATH/View/View.php(216): CodeIgniter\View\View->CodeIgniter\View\{closure}()
 4 SYSTEMPATH/Common.php(1177): CodeIgniter\View\View->render()
 5 APPPATH/Controllers/Trucks.php(22): view()
 6 SYSTEMPATH/CodeIgniter.php(934): App\Controllers\Trucks->findTruck()
 7 SYSTEMPATH/CodeIgniter.php(499): CodeIgniter\CodeIgniter->runController()
 8 SYSTEMPATH/CodeIgniter.php(368): CodeIgniter\CodeIgniter->handleRequest()
 9 FCPATH/index.php(67): CodeIgniter\CodeIgniter->run()
CRITICAL - 2023-02-02 09:36:58 --> Undefined array key "samedi"
in APPPATH/Views/findtruck.php on line 55.
 1 APPPATH/Views/findtruck.php(55): CodeIgniter\Debug\Exceptions->errorHandler()
 2 SYSTEMPATH/View/View.php(213): include('APPPATH/Views/findtruck.php')
 3 SYSTEMPATH/View/View.php(216): CodeIgniter\View\View->CodeIgniter\View\{closure}()
 4 SYSTEMPATH/Common.php(1177): CodeIgniter\View\View->render()
 5 APPPATH/Controllers/Trucks.php(22): view()
 6 SYSTEMPATH/CodeIgniter.php(934): App\Controllers\Trucks->findTruck()
 7 SYSTEMPATH/CodeIgniter.php(499): CodeIgniter\CodeIgniter->runController()
 8 SYSTEMPATH/CodeIgniter.php(368): CodeIgniter\CodeIgniter->handleRequest()
 9 FCPATH/index.php(67): CodeIgniter\CodeIgniter->run()
CRITICAL - 2023-02-02 09:37:39 --> Undefined array key "samedidi"
in APPPATH/Views/findtruck.php on line 55.
 1 APPPATH/Views/findtruck.php(55): CodeIgniter\Debug\Exceptions->errorHandler()
 2 SYSTEMPATH/View/View.php(213): include('APPPATH/Views/findtruck.php')
 3 SYSTEMPATH/View/View.php(216): CodeIgniter\View\View->CodeIgniter\View\{closure}()
 4 SYSTEMPATH/Common.php(1177): CodeIgniter\View\View->render()
 5 APPPATH/Controllers/Trucks.php(22): view()
 6 SYSTEMPATH/CodeIgniter.php(934): App\Controllers\Trucks->findTruck()
 7 SYSTEMPATH/CodeIgniter.php(499): CodeIgniter\CodeIgniter->runController()
 8 SYSTEMPATH/CodeIgniter.php(368): CodeIgniter\CodeIgniter->handleRequest()
 9 FCPATH/index.php(67): CodeIgniter\CodeIgniter->run()
CRITICAL - 2023-02-02 09:38:41 --> unserialize(): Error at offset 153 of 197 bytes
in APPPATH/Views/findtruck.php on line 39.
 1 [internal function]: CodeIgniter\Debug\Exceptions->errorHandler()
 2 APPPATH/Views/findtruck.php(39): unserialize()
 3 SYSTEMPATH/View/View.php(213): include('APPPATH/Views/findtruck.php')
 4 SYSTEMPATH/View/View.php(216): CodeIgniter\View\View->CodeIgniter\View\{closure}()
 5 SYSTEMPATH/Common.php(1177): CodeIgniter\View\View->render()
 6 APPPATH/Controllers/Trucks.php(22): view()
 7 SYSTEMPATH/CodeIgniter.php(934): App\Controllers\Trucks->findTruck()
 8 SYSTEMPATH/CodeIgniter.php(499): CodeIgniter\CodeIgniter->runController()
 9 SYSTEMPATH/CodeIgniter.php(368): CodeIgniter\CodeIgniter->handleRequest()
10 FCPATH/index.php(67): CodeIgniter\CodeIgniter->run()
CRITICAL - 2023-02-02 09:38:50 --> Attempt to read property "Horaires" on array
in APPPATH/Views/findtruck.php on line 39.
 1 APPPATH/Views/findtruck.php(39): CodeIgniter\Debug\Exceptions->errorHandler()
 2 SYSTEMPATH/View/View.php(213): include('APPPATH/Views/findtruck.php')
 3 SYSTEMPATH/View/View.php(216): CodeIgniter\View\View->CodeIgniter\View\{closure}()
 4 SYSTEMPATH/Common.php(1177): CodeIgniter\View\View->render()
 5 APPPATH/Controllers/InfosTrucks.php(24): view()
 6 SYSTEMPATH/CodeIgniter.php(934): App\Controllers\InfosTrucks->getData()
 7 SYSTEMPATH/CodeIgniter.php(499): CodeIgniter\CodeIgniter->runController()
 8 SYSTEMPATH/CodeIgniter.php(368): CodeIgniter\CodeIgniter->handleRequest()
 9 FCPATH/index.php(67): CodeIgniter\CodeIgniter->run()
CRITICAL - 2023-02-02 09:39:34 --> Attempt to read property "Horaires" on array
in APPPATH/Views/findtruck.php on line 40.
 1 APPPATH/Views/findtruck.php(40): CodeIgniter\Debug\Exceptions->errorHandler()
 2 SYSTEMPATH/View/View.php(213): include('APPPATH/Views/findtruck.php')
 3 SYSTEMPATH/View/View.php(216): CodeIgniter\View\View->CodeIgniter\View\{closure}()
 4 SYSTEMPATH/Common.php(1177): CodeIgniter\View\View->render()
 5 APPPATH/Controllers/InfosTrucks.php(24): view()
 6 SYSTEMPATH/CodeIgniter.php(934): App\Controllers\InfosTrucks->getData()
 7 SYSTEMPATH/CodeIgniter.php(499): CodeIgniter\CodeIgniter->runController()
 8 SYSTEMPATH/CodeIgniter.php(368): CodeIgniter\CodeIgniter->handleRequest()
 9 FCPATH/index.php(67): CodeIgniter\CodeIgniter->run()
CRITICAL - 2023-02-02 09:39:51 --> Attempt to read property "Horaires" on array
in APPPATH/Views/findtruck.php on line 40.
 1 APPPATH/Views/findtruck.php(40): CodeIgniter\Debug\Exceptions->errorHandler()
 2 SYSTEMPATH/View/View.php(213): include('APPPATH/Views/findtruck.php')
 3 SYSTEMPATH/View/View.php(216): CodeIgniter\View\View->CodeIgniter\View\{closure}()
 4 SYSTEMPATH/Common.php(1177): CodeIgniter\View\View->render()
 5 APPPATH/Controllers/InfosTrucks.php(24): view()
 6 SYSTEMPATH/CodeIgniter.php(934): App\Controllers\InfosTrucks->getData()
 7 SYSTEMPATH/CodeIgniter.php(499): CodeIgniter\CodeIgniter->runController()
 8 SYSTEMPATH/CodeIgniter.php(368): CodeIgniter\CodeIgniter->handleRequest()
 9 FCPATH/index.php(67): CodeIgniter\CodeIgniter->run()
CRITICAL - 2023-02-02 09:41:08 --> unserialize(): Error at offset 153 of 197 bytes
in APPPATH/Views/findtruck.php on line 40.
 1 [internal function]: CodeIgniter\Debug\Exceptions->errorHandler()
 2 APPPATH/Views/findtruck.php(40): unserialize()
 3 SYSTEMPATH/View/View.php(213): include('APPPATH/Views/findtruck.php')
 4 SYSTEMPATH/View/View.php(216): CodeIgniter\View\View->CodeIgniter\View\{closure}()
 5 SYSTEMPATH/Common.php(1177): CodeIgniter\View\View->render()
 6 APPPATH/Controllers/Trucks.php(22): view()
 7 SYSTEMPATH/CodeIgniter.php(934): App\Controllers\Trucks->findTruck()
 8 SYSTEMPATH/CodeIgniter.php(499): CodeIgniter\CodeIgniter->runController()
 9 SYSTEMPATH/CodeIgniter.php(368): CodeIgniter\CodeIgniter->handleRequest()
10 FCPATH/index.php(67): CodeIgniter\CodeIgniter->run()
CRITICAL - 2023-02-02 09:41:20 --> unserialize(): Error at offset 153 of 197 bytes
in APPPATH/Views/findtruck.php on line 40.
 1 [internal function]: CodeIgniter\Debug\Exceptions->errorHandler()
 2 APPPATH/Views/findtruck.php(40): unserialize()
 3 SYSTEMPATH/View/View.php(213): include('APPPATH/Views/findtruck.php')
 4 SYSTEMPATH/View/View.php(216): CodeIgniter\View\View->CodeIgniter\View\{closure}()
 5 SYSTEMPATH/Common.php(1177): CodeIgniter\View\View->render()
 6 APPPATH/Controllers/Trucks.php(22): view()
 7 SYSTEMPATH/CodeIgniter.php(934): App\Controllers\Trucks->findTruck()
 8 SYSTEMPATH/CodeIgniter.php(499): CodeIgniter\CodeIgniter->runController()
 9 SYSTEMPATH/CodeIgniter.php(368): CodeIgniter\CodeIgniter->handleRequest()
10 FCPATH/index.php(67): CodeIgniter\CodeIgniter->run()
CRITICAL - 2023-02-02 09:41:37 --> unserialize(): Error at offset 153 of 197 bytes
in APPPATH/Views/findtruck.php on line 40.
 1 [internal function]: CodeIgniter\Debug\Exceptions->errorHandler()
 2 APPPATH/Views/findtruck.php(40): unserialize()
 3 SYSTEMPATH/View/View.php(213): include('APPPATH/Views/findtruck.php')
 4 SYSTEMPATH/View/View.php(216): CodeIgniter\View\View->CodeIgniter\View\{closure}()
 5 SYSTEMPATH/Common.php(1177): CodeIgniter\View\View->render()
 6 APPPATH/Controllers/Trucks.php(22): view()
 7 SYSTEMPATH/CodeIgniter.php(934): App\Controllers\Trucks->findTruck()
 8 SYSTEMPATH/CodeIgniter.php(499): CodeIgniter\CodeIgniter->runController()
 9 SYSTEMPATH/CodeIgniter.php(368): CodeIgniter\CodeIgniter->handleRequest()
10 FCPATH/index.php(67): CodeIgniter\CodeIgniter->run()
CRITICAL - 2023-02-02 09:42:03 --> Undefined variable $horaire
in APPPATH/Views/findtruck.php on line 49.
 1 APPPATH/Views/findtruck.php(49): CodeIgniter\Debug\Exceptions->errorHandler()
 2 SYSTEMPATH/View/View.php(213): include('APPPATH/Views/findtruck.php')
 3 SYSTEMPATH/View/View.php(216): CodeIgniter\View\View->CodeIgniter\View\{closure}()
 4 SYSTEMPATH/Common.php(1177): CodeIgniter\View\View->render()
 5 APPPATH/Controllers/Trucks.php(22): view()
 6 SYSTEMPATH/CodeIgniter.php(934): App\Controllers\Trucks->findTruck()
 7 SYSTEMPATH/CodeIgniter.php(499): CodeIgniter\CodeIgniter->runController()
 8 SYSTEMPATH/CodeIgniter.php(368): CodeIgniter\CodeIgniter->handleRequest()
 9 FCPATH/index.php(67): CodeIgniter\CodeIgniter->run()
CRITICAL - 2023-02-02 09:42:11 --> unserialize(): Error at offset 153 of 197 bytes
in APPPATH/Views/findtruck.php on line 40.
 1 [internal function]: CodeIgniter\Debug\Exceptions->errorHandler()
 2 APPPATH/Views/findtruck.php(40): unserialize()
 3 SYSTEMPATH/View/View.php(213): include('APPPATH/Views/findtruck.php')
 4 SYSTEMPATH/View/View.php(216): CodeIgniter\View\View->CodeIgniter\View\{closure}()
 5 SYSTEMPATH/Common.php(1177): CodeIgniter\View\View->render()
 6 APPPATH/Controllers/Trucks.php(22): view()
 7 SYSTEMPATH/CodeIgniter.php(934): App\Controllers\Trucks->findTruck()
 8 SYSTEMPATH/CodeIgniter.php(499): CodeIgniter\CodeIgniter->runController()
 9 SYSTEMPATH/CodeIgniter.php(368): CodeIgniter\CodeIgniter->handleRequest()
10 FCPATH/index.php(67): CodeIgniter\CodeIgniter->run()
CRITICAL - 2023-02-02 09:43:24 --> unserialize(): Error at offset 153 of 197 bytes
in APPPATH/Views/findtruck.php on line 40.
 1 [internal function]: CodeIgniter\Debug\Exceptions->errorHandler()
 2 APPPATH/Views/findtruck.php(40): unserialize()
 3 SYSTEMPATH/View/View.php(213): include('APPPATH/Views/findtruck.php')
 4 SYSTEMPATH/View/View.php(216): CodeIgniter\View\View->CodeIgniter\View\{closure}()
 5 SYSTEMPATH/Common.php(1177): CodeIgniter\View\View->render()
 6 APPPATH/Controllers/Trucks.php(22): view()
 7 SYSTEMPATH/CodeIgniter.php(934): App\Controllers\Trucks->findTruck()
 8 SYSTEMPATH/CodeIgniter.php(499): CodeIgniter\CodeIgniter->runController()
 9 SYSTEMPATH/CodeIgniter.php(368): CodeIgniter\CodeIgniter->handleRequest()
10 FCPATH/index.php(67): CodeIgniter\CodeIgniter->run()
CRITICAL - 2023-02-02 10:05:12 --> Array to string conversion
in APPPATH/Views/findtruck.php on line 68.
 1 APPPATH/Views/findtruck.php(68): CodeIgniter\Debug\Exceptions->errorHandler()
 2 SYSTEMPATH/View/View.php(213): include('APPPATH/Views/findtruck.php')
 3 SYSTEMPATH/View/View.php(216): CodeIgniter\View\View->CodeIgniter\View\{closure}()
 4 SYSTEMPATH/Common.php(1177): CodeIgniter\View\View->render()
 5 APPPATH/Controllers/InfosTrucks.php(27): view()
 6 SYSTEMPATH/CodeIgniter.php(934): App\Controllers\InfosTrucks->getData()
 7 SYSTEMPATH/CodeIgniter.php(499): CodeIgniter\CodeIgniter->runController()
 8 SYSTEMPATH/CodeIgniter.php(368): CodeIgniter\CodeIgniter->handleRequest()
 9 FCPATH/index.php(67): CodeIgniter\CodeIgniter->run()
CRITICAL - 2023-02-02 10:16:49 --> Call to undefined function haeder()
in APPPATH/Views/truck.php on line 4.
 1 SYSTEMPATH/View/View.php(213): include()
 2 SYSTEMPATH/View/View.php(216): CodeIgniter\View\View->CodeIgniter\View\{closure}()
 3 SYSTEMPATH/Common.php(1177): CodeIgniter\View\View->render()
 4 APPPATH/Controllers/Pages.php(23): view()
 5 SYSTEMPATH/CodeIgniter.php(934): App\Controllers\Pages->view()
 6 SYSTEMPATH/CodeIgniter.php(499): CodeIgniter\CodeIgniter->runController()
 7 SYSTEMPATH/CodeIgniter.php(368): CodeIgniter\CodeIgniter->handleRequest()
 8 FCPATH/index.php(67): CodeIgniter\CodeIgniter->run()
CRITICAL - 2023-02-02 10:16:57 --> Undefined variable $truck
in APPPATH/Views/truck.php on line 6.
 1 APPPATH/Views/truck.php(6): CodeIgniter\Debug\Exceptions->errorHandler()
 2 SYSTEMPATH/View/View.php(213): include('APPPATH/Views/truck.php')
 3 SYSTEMPATH/View/View.php(216): CodeIgniter\View\View->CodeIgniter\View\{closure}()
 4 SYSTEMPATH/Common.php(1177): CodeIgniter\View\View->render()
 5 APPPATH/Controllers/Pages.php(23): view()
 6 SYSTEMPATH/CodeIgniter.php(934): App\Controllers\Pages->view()
 7 SYSTEMPATH/CodeIgniter.php(499): CodeIgniter\CodeIgniter->runController()
 8 SYSTEMPATH/CodeIgniter.php(368): CodeIgniter\CodeIgniter->handleRequest()
 9 FCPATH/index.php(67): CodeIgniter\CodeIgniter->run()
CRITICAL - 2023-02-02 10:17:17 --> Undefined variable $truck
in APPPATH/Views/truck.php on line 6.
 1 APPPATH/Views/truck.php(6): CodeIgniter\Debug\Exceptions->errorHandler()
 2 SYSTEMPATH/View/View.php(213): include('APPPATH/Views/truck.php')
 3 SYSTEMPATH/View/View.php(216): CodeIgniter\View\View->CodeIgniter\View\{closure}()
 4 SYSTEMPATH/Common.php(1177): CodeIgniter\View\View->render()
 5 APPPATH/Controllers/Pages.php(23): view()
 6 SYSTEMPATH/CodeIgniter.php(934): App\Controllers\Pages->view()
 7 SYSTEMPATH/CodeIgniter.php(499): CodeIgniter\CodeIgniter->runController()
 8 SYSTEMPATH/CodeIgniter.php(368): CodeIgniter\CodeIgniter->handleRequest()
 9 FCPATH/index.php(67): CodeIgniter\CodeIgniter->run()
CRITICAL - 2023-02-02 10:17:26 --> Undefined variable $truck
in APPPATH/Views/truck.php on line 3.
 1 APPPATH/Views/truck.php(3): CodeIgniter\Debug\Exceptions->errorHandler()
 2 SYSTEMPATH/View/View.php(213): include('APPPATH/Views/truck.php')
 3 SYSTEMPATH/View/View.php(216): CodeIgniter\View\View->CodeIgniter\View\{closure}()
 4 SYSTEMPATH/Common.php(1177): CodeIgniter\View\View->render()
 5 APPPATH/Controllers/Pages.php(23): view()
 6 SYSTEMPATH/CodeIgniter.php(934): App\Controllers\Pages->view()
 7 SYSTEMPATH/CodeIgniter.php(499): CodeIgniter\CodeIgniter->runController()
 8 SYSTEMPATH/CodeIgniter.php(368): CodeIgniter\CodeIgniter->handleRequest()
 9 FCPATH/index.php(67): CodeIgniter\CodeIgniter->run()
CRITICAL - 2023-02-02 10:20:26 --> Cannot access offset of type string on string
in APPPATH/Views/truck.php on line 5.
 1 SYSTEMPATH/View/View.php(213): include()
 2 SYSTEMPATH/View/View.php(216): CodeIgniter\View\View->CodeIgniter\View\{closure}()
 3 SYSTEMPATH/Common.php(1177): CodeIgniter\View\View->render()
 4 APPPATH/Controllers/Trucks.php(29): view()
 5 SYSTEMPATH/CodeIgniter.php(934): App\Controllers\Trucks->infoPage()
 6 SYSTEMPATH/CodeIgniter.php(499): CodeIgniter\CodeIgniter->runController()
 7 SYSTEMPATH/CodeIgniter.php(368): CodeIgniter\CodeIgniter->handleRequest()
 8 FCPATH/index.php(67): CodeIgniter\CodeIgniter->run()
CRITICAL - 2023-02-02 10:20:32 --> Attempt to read property "Nom" on string
in APPPATH/Views/truck.php on line 5.
 1 APPPATH/Views/truck.php(5): CodeIgniter\Debug\Exceptions->errorHandler()
 2 SYSTEMPATH/View/View.php(213): include('APPPATH/Views/truck.php')
 3 SYSTEMPATH/View/View.php(216): CodeIgniter\View\View->CodeIgniter\View\{closure}()
 4 SYSTEMPATH/Common.php(1177): CodeIgniter\View\View->render()
 5 APPPATH/Controllers/Trucks.php(29): view()
 6 SYSTEMPATH/CodeIgniter.php(934): App\Controllers\Trucks->infoPage()
 7 SYSTEMPATH/CodeIgniter.php(499): CodeIgniter\CodeIgniter->runController()
 8 SYSTEMPATH/CodeIgniter.php(368): CodeIgniter\CodeIgniter->handleRequest()
 9 FCPATH/index.php(67): CodeIgniter\CodeIgniter->run()
CRITICAL - 2023-02-02 10:29:02 --> Undefined variable $tucks
in APPPATH/Views/findtruck.php on line 68.
 1 APPPATH/Views/findtruck.php(68): CodeIgniter\Debug\Exceptions->errorHandler()
 2 SYSTEMPATH/View/View.php(213): include('APPPATH/Views/findtruck.php')
 3 SYSTEMPATH/View/View.php(216): CodeIgniter\View\View->CodeIgniter\View\{closure}()
 4 SYSTEMPATH/Common.php(1177): CodeIgniter\View\View->render()
 5 APPPATH/Controllers/InfosTrucks.php(27): view()
 6 SYSTEMPATH/CodeIgniter.php(934): App\Controllers\InfosTrucks->getData()
 7 SYSTEMPATH/CodeIgniter.php(499): CodeIgniter\CodeIgniter->runController()
 8 SYSTEMPATH/CodeIgniter.php(368): CodeIgniter\CodeIgniter->handleRequest()
 9 FCPATH/index.php(67): CodeIgniter\CodeIgniter->run()
CRITICAL - 2023-02-02 10:33:10 --> Undefined property: stdClass::$nom
in APPPATH/Views/findtruck.php on line 70.
 1 APPPATH/Views/findtruck.php(70): CodeIgniter\Debug\Exceptions->errorHandler()
 2 SYSTEMPATH/View/View.php(213): include('APPPATH/Views/findtruck.php')
 3 SYSTEMPATH/View/View.php(216): CodeIgniter\View\View->CodeIgniter\View\{closure}()
 4 SYSTEMPATH/Common.php(1177): CodeIgniter\View\View->render()
 5 APPPATH/Controllers/InfosTrucks.php(27): view()
 6 SYSTEMPATH/CodeIgniter.php(934): App\Controllers\InfosTrucks->getData()
 7 SYSTEMPATH/CodeIgniter.php(499): CodeIgniter\CodeIgniter->runController()
 8 SYSTEMPATH/CodeIgniter.php(368): CodeIgniter\CodeIgniter->handleRequest()
 9 FCPATH/index.php(67): CodeIgniter\CodeIgniter->run()
CRITICAL - 2023-02-02 10:33:58 --> unserialize(): Argument #1 ($data) must be of type string, array given
in APPPATH/Controllers/Trucks.php on line 26.
 1 APPPATH/Controllers/Trucks.php(26): unserialize()
 2 SYSTEMPATH/CodeIgniter.php(934): App\Controllers\Trucks->infoPage()
 3 SYSTEMPATH/CodeIgniter.php(499): CodeIgniter\CodeIgniter->runController()
 4 SYSTEMPATH/CodeIgniter.php(368): CodeIgniter\CodeIgniter->handleRequest()
 5 FCPATH/index.php(67): CodeIgniter\CodeIgniter->run()
CRITICAL - 2023-02-02 10:44:09 --> Undefined array key "truck"
in APPPATH/Controllers/Trucks.php on line 27.
 1 APPPATH/Controllers/Trucks.php(27): CodeIgniter\Debug\Exceptions->errorHandler()
 2 SYSTEMPATH/CodeIgniter.php(934): App\Controllers\Trucks->infoPage()
 3 SYSTEMPATH/CodeIgniter.php(499): CodeIgniter\CodeIgniter->runController()
 4 SYSTEMPATH/CodeIgniter.php(368): CodeIgniter\CodeIgniter->handleRequest()
 5 FCPATH/index.php(67): CodeIgniter\CodeIgniter->run()
CRITICAL - 2023-02-02 10:47:53 --> Undefined variable $idcity
in APPPATH/Models/DatabaseModel.php on line 39.
 1 APPPATH/Models/DatabaseModel.php(39): CodeIgniter\Debug\Exceptions->errorHandler()
 2 APPPATH/Controllers/Trucks.php(31): App\Models\DatabaseModel->findTruck()
 3 SYSTEMPATH/CodeIgniter.php(934): App\Controllers\Trucks->infoPage()
 4 SYSTEMPATH/CodeIgniter.php(499): CodeIgniter\CodeIgniter->runController()
 5 SYSTEMPATH/CodeIgniter.php(368): CodeIgniter\CodeIgniter->handleRequest()
 6 FCPATH/index.php(67): CodeIgniter\CodeIgniter->run()
CRITICAL - 2023-02-02 10:49:05 --> Attempt to read property "Nom" on array
in APPPATH/Views/truck.php on line 7.
 1 APPPATH/Views/truck.php(7): CodeIgniter\Debug\Exceptions->errorHandler()
 2 SYSTEMPATH/View/View.php(213): include('APPPATH/Views/truck.php')
 3 SYSTEMPATH/View/View.php(216): CodeIgniter\View\View->CodeIgniter\View\{closure}()
 4 SYSTEMPATH/Common.php(1177): CodeIgniter\View\View->render()
 5 APPPATH/Controllers/Trucks.php(30): view()
 6 SYSTEMPATH/CodeIgniter.php(934): App\Controllers\Trucks->infoPage()
 7 SYSTEMPATH/CodeIgniter.php(499): CodeIgniter\CodeIgniter->runController()
 8 SYSTEMPATH/CodeIgniter.php(368): CodeIgniter\CodeIgniter->handleRequest()
 9 FCPATH/index.php(67): CodeIgniter\CodeIgniter->run()
CRITICAL - 2023-02-02 11:10:56 --> unserialize(): Argument #1 ($data) must be of type string, stdClass given
in APPPATH/Controllers/Trucks.php on line 37.
 1 APPPATH/Controllers/Trucks.php(37): unserialize()
 2 SYSTEMPATH/CodeIgniter.php(934): App\Controllers\Trucks->cartePage()
 3 SYSTEMPATH/CodeIgniter.php(499): CodeIgniter\CodeIgniter->runController()
 4 SYSTEMPATH/CodeIgniter.php(368): CodeIgniter\CodeIgniter->handleRequest()
 5 FCPATH/index.php(67): CodeIgniter\CodeIgniter->run()
CRITICAL - 2023-02-02 11:11:26 --> unserialize(): Argument #1 ($data) must be of type string, stdClass given
in APPPATH/Controllers/Trucks.php on line 38.
 1 APPPATH/Controllers/Trucks.php(38): unserialize()
 2 SYSTEMPATH/CodeIgniter.php(934): App\Controllers\Trucks->cartePage()
 3 SYSTEMPATH/CodeIgniter.php(499): CodeIgniter\CodeIgniter->runController()
 4 SYSTEMPATH/CodeIgniter.php(368): CodeIgniter\CodeIgniter->handleRequest()
 5 FCPATH/index.php(67): CodeIgniter\CodeIgniter->run()
CRITICAL - 2023-02-02 11:12:53 --> unserialize(): Argument #1 ($data) must be of type string, stdClass given
in APPPATH/Views/carte.php on line 3.
 1 APPPATH/Views/carte.php(3): unserialize()
 2 SYSTEMPATH/View/View.php(213): include('APPPATH/Views/carte.php')
 3 SYSTEMPATH/View/View.php(216): CodeIgniter\View\View->CodeIgniter\View\{closure}()
 4 SYSTEMPATH/Common.php(1177): CodeIgniter\View\View->render()
 5 APPPATH/Controllers/Trucks.php(40): view()
 6 SYSTEMPATH/CodeIgniter.php(934): App\Controllers\Trucks->cartePage()
 7 SYSTEMPATH/CodeIgniter.php(499): CodeIgniter\CodeIgniter->runController()
 8 SYSTEMPATH/CodeIgniter.php(368): CodeIgniter\CodeIgniter->handleRequest()
 9 FCPATH/index.php(67): CodeIgniter\CodeIgniter->run()
CRITICAL - 2023-02-02 11:13:43 --> Undefined property: stdClass::$carte
in APPPATH/Views/carte.php on line 3.
 1 APPPATH/Views/carte.php(3): CodeIgniter\Debug\Exceptions->errorHandler()
 2 SYSTEMPATH/View/View.php(213): include('APPPATH/Views/carte.php')
 3 SYSTEMPATH/View/View.php(216): CodeIgniter\View\View->CodeIgniter\View\{closure}()
 4 SYSTEMPATH/Common.php(1177): CodeIgniter\View\View->render()
 5 APPPATH/Controllers/Trucks.php(40): view()
 6 SYSTEMPATH/CodeIgniter.php(934): App\Controllers\Trucks->cartePage()
 7 SYSTEMPATH/CodeIgniter.php(499): CodeIgniter\CodeIgniter->runController()
 8 SYSTEMPATH/CodeIgniter.php(368): CodeIgniter\CodeIgniter->handleRequest()
 9 FCPATH/index.php(67): CodeIgniter\CodeIgniter->run()
CRITICAL - 2023-02-02 11:14:14 --> Undefined property: stdClass::$carte
in APPPATH/Views/carte.php on line 3.
 1 APPPATH/Views/carte.php(3): CodeIgniter\Debug\Exceptions->errorHandler()
 2 SYSTEMPATH/View/View.php(213): include('APPPATH/Views/carte.php')
 3 SYSTEMPATH/View/View.php(216): CodeIgniter\View\View->CodeIgniter\View\{closure}()
 4 SYSTEMPATH/Common.php(1177): CodeIgniter\View\View->render()
 5 APPPATH/Controllers/Trucks.php(40): view()
 6 SYSTEMPATH/CodeIgniter.php(934): App\Controllers\Trucks->cartePage()
 7 SYSTEMPATH/CodeIgniter.php(499): CodeIgniter\CodeIgniter->runController()
 8 SYSTEMPATH/CodeIgniter.php(368): CodeIgniter\CodeIgniter->handleRequest()
 9 FCPATH/index.php(67): CodeIgniter\CodeIgniter->run()
CRITICAL - 2023-02-02 11:15:00 --> Undefined property: stdClass::$carte
in APPPATH/Controllers/Trucks.php on line 38.
 1 APPPATH/Controllers/Trucks.php(38): CodeIgniter\Debug\Exceptions->errorHandler()
 2 SYSTEMPATH/CodeIgniter.php(934): App\Controllers\Trucks->cartePage()
 3 SYSTEMPATH/CodeIgniter.php(499): CodeIgniter\CodeIgniter->runController()
 4 SYSTEMPATH/CodeIgniter.php(368): CodeIgniter\CodeIgniter->handleRequest()
 5 FCPATH/index.php(67): CodeIgniter\CodeIgniter->run()
CRITICAL - 2023-02-02 11:18:09 --> Attempt to read property "carte" on array
in APPPATH/Views/carte.php on line 3.
 1 APPPATH/Views/carte.php(3): CodeIgniter\Debug\Exceptions->errorHandler()
 2 SYSTEMPATH/View/View.php(213): include('APPPATH/Views/carte.php')
 3 SYSTEMPATH/View/View.php(216): CodeIgniter\View\View->CodeIgniter\View\{closure}()
 4 SYSTEMPATH/Common.php(1177): CodeIgniter\View\View->render()
 5 APPPATH/Controllers/Trucks.php(41): view()
 6 SYSTEMPATH/CodeIgniter.php(934): App\Controllers\Trucks->cartePage()
 7 SYSTEMPATH/CodeIgniter.php(499): CodeIgniter\CodeIgniter->runController()
 8 SYSTEMPATH/CodeIgniter.php(368): CodeIgniter\CodeIgniter->handleRequest()
 9 FCPATH/index.php(67): CodeIgniter\CodeIgniter->run()
CRITICAL - 2023-02-02 11:29:58 --> Constant expression contains invalid operations
in APPPATH/Controllers/Trucks.php on line 9.
 1 [internal function]: CodeIgniter\Debug\Exceptions->shutdownHandler()
CRITICAL - 2023-02-02 19:33:28 --> Call to undefined function strtouuper()
in APPPATH/Views/carte.php on line 10.
 1 SYSTEMPATH/View/View.php(213): include()
 2 SYSTEMPATH/View/View.php(216): CodeIgniter\View\View->CodeIgniter\View\{closure}()
 3 SYSTEMPATH/Common.php(1177): CodeIgniter\View\View->render()
 4 APPPATH/Controllers/Trucks.php(41): view()
 5 SYSTEMPATH/CodeIgniter.php(934): App\Controllers\Trucks->cartePage()
 6 SYSTEMPATH/CodeIgniter.php(499): CodeIgniter\CodeIgniter->runController()
 7 SYSTEMPATH/CodeIgniter.php(368): CodeIgniter\CodeIgniter->handleRequest()
 8 FCPATH/index.php(67): CodeIgniter\CodeIgniter->run()
CRITICAL - 2023-02-02 19:33:38 --> Call to undefined function strtouper()
in APPPATH/Views/carte.php on line 10.
 1 SYSTEMPATH/View/View.php(213): include()
 2 SYSTEMPATH/View/View.php(216): CodeIgniter\View\View->CodeIgniter\View\{closure}()
 3 SYSTEMPATH/Common.php(1177): CodeIgniter\View\View->render()
 4 APPPATH/Controllers/Trucks.php(41): view()
 5 SYSTEMPATH/CodeIgniter.php(934): App\Controllers\Trucks->cartePage()
 6 SYSTEMPATH/CodeIgniter.php(499): CodeIgniter\CodeIgniter->runController()
 7 SYSTEMPATH/CodeIgniter.php(368): CodeIgniter\CodeIgniter->handleRequest()
 8 FCPATH/index.php(67): CodeIgniter\CodeIgniter->run()
CRITICAL - 2023-02-02 19:35:31 --> syntax error, unexpected token "}", expecting "," or ";"
in APPPATH/Views/carte.php on line 15.
 1 SYSTEMPATH/View/View.php(216): CodeIgniter\View\View->CodeIgniter\View\{closure}()
 2 SYSTEMPATH/Common.php(1177): CodeIgniter\View\View->render()
 3 APPPATH/Controllers/Trucks.php(41): view()
 4 SYSTEMPATH/CodeIgniter.php(934): App\Controllers\Trucks->cartePage()
 5 SYSTEMPATH/CodeIgniter.php(499): CodeIgniter\CodeIgniter->runController()
 6 SYSTEMPATH/CodeIgniter.php(368): CodeIgniter\CodeIgniter->handleRequest()
 7 FCPATH/index.php(67): CodeIgniter\CodeIgniter->run()
CRITICAL - 2023-02-02 19:36:38 --> Array to string conversion
in APPPATH/Views/carte.php on line 15.
 1 APPPATH/Views/carte.php(15): CodeIgniter\Debug\Exceptions->errorHandler()
 2 SYSTEMPATH/View/View.php(213): include('APPPATH/Views/carte.php')
 3 SYSTEMPATH/View/View.php(216): CodeIgniter\View\View->CodeIgniter\View\{closure}()
 4 SYSTEMPATH/Common.php(1177): CodeIgniter\View\View->render()
 5 APPPATH/Controllers/Trucks.php(41): view()
 6 SYSTEMPATH/CodeIgniter.php(934): App\Controllers\Trucks->cartePage()
 7 SYSTEMPATH/CodeIgniter.php(499): CodeIgniter\CodeIgniter->runController()
 8 SYSTEMPATH/CodeIgniter.php(368): CodeIgniter\CodeIgniter->handleRequest()
 9 FCPATH/index.php(67): CodeIgniter\CodeIgniter->run()
CRITICAL - 2023-02-02 20:52:14 --> unserialize(): Error at offset 0 of 66 bytes
in APPPATH/Views/carte.php on line 29.
 1 [internal function]: CodeIgniter\Debug\Exceptions->errorHandler()
 2 APPPATH/Views/carte.php(29): unserialize()
 3 SYSTEMPATH/View/View.php(213): include('APPPATH/Views/carte.php')
 4 SYSTEMPATH/View/View.php(216): CodeIgniter\View\View->CodeIgniter\View\{closure}()
 5 SYSTEMPATH/Common.php(1177): CodeIgniter\View\View->render()
 6 APPPATH/Controllers/Trucks.php(41): view()
 7 SYSTEMPATH/CodeIgniter.php(934): App\Controllers\Trucks->cartePage()
 8 SYSTEMPATH/CodeIgniter.php(499): CodeIgniter\CodeIgniter->runController()
 9 SYSTEMPATH/CodeIgniter.php(368): CodeIgniter\CodeIgniter->handleRequest()
10 FCPATH/index.php(67): CodeIgniter\CodeIgniter->run()
CRITICAL - 2023-02-02 20:52:45 --> Call to undefined function json_decoe()
in APPPATH/Views/carte.php on line 29.
 1 SYSTEMPATH/View/View.php(213): include()
 2 SYSTEMPATH/View/View.php(216): CodeIgniter\View\View->CodeIgniter\View\{closure}()
 3 SYSTEMPATH/Common.php(1177): CodeIgniter\View\View->render()
 4 APPPATH/Controllers/Trucks.php(41): view()
 5 SYSTEMPATH/CodeIgniter.php(934): App\Controllers\Trucks->cartePage()
 6 SYSTEMPATH/CodeIgniter.php(499): CodeIgniter\CodeIgniter->runController()
 7 SYSTEMPATH/CodeIgniter.php(368): CodeIgniter\CodeIgniter->handleRequest()
 8 FCPATH/index.php(67): CodeIgniter\CodeIgniter->run()
