CRITICAL - 2023-02-05 11:12:37 --> Undefined variable $_SESSION
in APPPATH/Controllers/GestionEvent.php on line 26.
 1 APPPATH/Controllers/GestionEvent.php(26): CodeIgniter\Debug\Exceptions->errorHandler()
 2 SYSTEMPATH/CodeIgniter.php(934): App\Controllers\GestionEvent->eventPerso()
 3 SYSTEMPATH/CodeIgniter.php(499): CodeIgniter\CodeIgniter->runController()
 4 SYSTEMPATH/CodeIgniter.php(368): CodeIgniter\CodeIgniter->handleRequest()
 5 FCPATH/index.php(67): CodeIgniter\CodeIgniter->run()
CRITICAL - 2023-02-05 11:12:48 --> You must set the database table to be used with your query.
in SYSTEMPATH/Database/BaseConnection.php on line 882.
 1 SYSTEMPATH/Model.php(641): CodeIgniter\Database\BaseConnection->table()
 2 SYSTEMPATH/Model.php(831): CodeIgniter\Model->builder()
 3 APPPATH/Controllers/GestionEvent.php(28): CodeIgniter\Model->__call()
 4 SYSTEMPATH/CodeIgniter.php(934): App\Controllers\GestionEvent->eventPerso()
 5 SYSTEMPATH/CodeIgniter.php(499): CodeIgniter\CodeIgniter->runController()
 6 SYSTEMPATH/CodeIgniter.php(368): CodeIgniter\CodeIgniter->handleRequest()
 7 FCPATH/index.php(67): CodeIgniter\CodeIgniter->run()
CRITICAL - 2023-02-05 11:13:23 --> You must set the database table to be used with your query.
in SYSTEMPATH/Database/BaseConnection.php on line 882.
 1 SYSTEMPATH/Model.php(641): CodeIgniter\Database\BaseConnection->table()
 2 SYSTEMPATH/Model.php(831): CodeIgniter\Model->builder()
 3 APPPATH/Controllers/GestionEvent.php(28): CodeIgniter\Model->__call()
 4 SYSTEMPATH/CodeIgniter.php(934): App\Controllers\GestionEvent->eventPerso()
 5 SYSTEMPATH/CodeIgniter.php(499): CodeIgniter\CodeIgniter->runController()
 6 SYSTEMPATH/CodeIgniter.php(368): CodeIgniter\CodeIgniter->handleRequest()
 7 FCPATH/index.php(67): CodeIgniter\CodeIgniter->run()
CRITICAL - 2023-02-05 11:13:27 --> You must set the database table to be used with your query.
in SYSTEMPATH/Database/BaseConnection.php on line 882.
 1 SYSTEMPATH/Model.php(641): CodeIgniter\Database\BaseConnection->table()
 2 SYSTEMPATH/Model.php(831): CodeIgniter\Model->builder()
 3 APPPATH/Controllers/GestionEvent.php(28): CodeIgniter\Model->__call()
 4 SYSTEMPATH/CodeIgniter.php(934): App\Controllers\GestionEvent->eventPerso()
 5 SYSTEMPATH/CodeIgniter.php(499): CodeIgniter\CodeIgniter->runController()
 6 SYSTEMPATH/CodeIgniter.php(368): CodeIgniter\CodeIgniter->handleRequest()
 7 FCPATH/index.php(67): CodeIgniter\CodeIgniter->run()
CRITICAL - 2023-02-05 11:13:28 --> You must set the database table to be used with your query.
in SYSTEMPATH/Database/BaseConnection.php on line 882.
 1 SYSTEMPATH/Model.php(641): CodeIgniter\Database\BaseConnection->table()
 2 SYSTEMPATH/Model.php(831): CodeIgniter\Model->builder()
 3 APPPATH/Controllers/GestionEvent.php(28): CodeIgniter\Model->__call()
 4 SYSTEMPATH/CodeIgniter.php(934): App\Controllers\GestionEvent->eventPerso()
 5 SYSTEMPATH/CodeIgniter.php(499): CodeIgniter\CodeIgniter->runController()
 6 SYSTEMPATH/CodeIgniter.php(368): CodeIgniter\CodeIgniter->handleRequest()
 7 FCPATH/index.php(67): CodeIgniter\CodeIgniter->run()
CRITICAL - 2023-02-05 11:13:28 --> You must set the database table to be used with your query.
in SYSTEMPATH/Database/BaseConnection.php on line 882.
 1 SYSTEMPATH/Model.php(641): CodeIgniter\Database\BaseConnection->table()
 2 SYSTEMPATH/Model.php(831): CodeIgniter\Model->builder()
 3 APPPATH/Controllers/GestionEvent.php(28): CodeIgniter\Model->__call()
 4 SYSTEMPATH/CodeIgniter.php(934): App\Controllers\GestionEvent->eventPerso()
 5 SYSTEMPATH/CodeIgniter.php(499): CodeIgniter\CodeIgniter->runController()
 6 SYSTEMPATH/CodeIgniter.php(368): CodeIgniter\CodeIgniter->handleRequest()
 7 FCPATH/index.php(67): CodeIgniter\CodeIgniter->run()
CRITICAL - 2023-02-05 11:13:37 --> Undefined variable $id
in APPPATH/Controllers/GestionEvent.php on line 28.
 1 APPPATH/Controllers/GestionEvent.php(28): CodeIgniter\Debug\Exceptions->errorHandler()
 2 SYSTEMPATH/CodeIgniter.php(934): App\Controllers\GestionEvent->eventPerso()
 3 SYSTEMPATH/CodeIgniter.php(499): CodeIgniter\CodeIgniter->runController()
 4 SYSTEMPATH/CodeIgniter.php(368): CodeIgniter\CodeIgniter->handleRequest()
 5 FCPATH/index.php(67): CodeIgniter\CodeIgniter->run()
CRITICAL - 2023-02-05 11:13:49 --> syntax error, unexpected variable "$events"
in APPPATH/Controllers/GestionEvent.php on line 29.
 1 SYSTEMPATH/Autoloader/Autoloader.php(289): CodeIgniter\Autoloader\Autoloader->includeFile()
 2 SYSTEMPATH/Autoloader/Autoloader.php(267): CodeIgniter\Autoloader\Autoloader->loadInNamespace()
 3 [internal function]: CodeIgniter\Autoloader\Autoloader->loadClass()
 4 SYSTEMPATH/CodeIgniter.php(892): class_exists()
 5 SYSTEMPATH/CodeIgniter.php(486): CodeIgniter\CodeIgniter->startController()
 6 SYSTEMPATH/CodeIgniter.php(368): CodeIgniter\CodeIgniter->handleRequest()
 7 FCPATH/index.php(67): CodeIgniter\CodeIgniter->run()
CRITICAL - 2023-02-05 11:14:56 --> You must set the database table to be used with your query.
in SYSTEMPATH/Database/BaseConnection.php on line 882.
 1 SYSTEMPATH/Model.php(641): CodeIgniter\Database\BaseConnection->table()
 2 SYSTEMPATH/Model.php(831): CodeIgniter\Model->builder()
 3 APPPATH/Controllers/GestionEvent.php(30): CodeIgniter\Model->__call()
 4 SYSTEMPATH/CodeIgniter.php(934): App\Controllers\GestionEvent->eventPerso()
 5 SYSTEMPATH/CodeIgniter.php(499): CodeIgniter\CodeIgniter->runController()
 6 SYSTEMPATH/CodeIgniter.php(368): CodeIgniter\CodeIgniter->handleRequest()
 7 FCPATH/index.php(67): CodeIgniter\CodeIgniter->run()
CRITICAL - 2023-02-05 11:15:56 --> You must set the database table to be used with your query.
in SYSTEMPATH/Database/BaseConnection.php on line 882.
 1 SYSTEMPATH/Model.php(641): CodeIgniter\Database\BaseConnection->table()
 2 SYSTEMPATH/Model.php(831): CodeIgniter\Model->builder()
 3 APPPATH/Controllers/GestionEvent.php(28): CodeIgniter\Model->__call()
 4 SYSTEMPATH/CodeIgniter.php(934): App\Controllers\GestionEvent->eventPerso()
 5 SYSTEMPATH/CodeIgniter.php(499): CodeIgniter\CodeIgniter->runController()
 6 SYSTEMPATH/CodeIgniter.php(368): CodeIgniter\CodeIgniter->handleRequest()
 7 FCPATH/index.php(67): CodeIgniter\CodeIgniter->run()
ERROR - 2023-02-05 11:24:56 --> mysqli_sql_exception: Table 'TrucksmaniaDB.Food_truck_evenments' doesn't exist in /app/system/Database/MySQLi/Connection.php:295
Stack trace:
#0 /app/system/Database/MySQLi/Connection.php(295): mysqli->query()
#1 /app/system/Database/BaseConnection.php(691): CodeIgniter\Database\MySQLi\Connection->execute()
#2 /app/system/Database/BaseConnection.php(605): CodeIgniter\Database\BaseConnection->simpleQuery()
#3 /app/app/Models/DatabaseModel.php(87): CodeIgniter\Database\BaseConnection->query()
#4 /app/app/Controllers/GestionEvent.php(33): App\Models\DatabaseModel->getEventA()
#5 /app/system/CodeIgniter.php(934): App\Controllers\GestionEvent->eventPerso()
#6 /app/system/CodeIgniter.php(499): CodeIgniter\CodeIgniter->runController()
#7 /app/system/CodeIgniter.php(368): CodeIgniter\CodeIgniter->handleRequest()
#8 /app/public/index.php(67): CodeIgniter\CodeIgniter->run()
#9 {main}
CRITICAL - 2023-02-05 11:24:56 --> Table 'TrucksmaniaDB.Food_truck_evenments' doesn't exist
in SYSTEMPATH/Database/BaseConnection.php on line 645.
 1 APPPATH/Models/DatabaseModel.php(87): CodeIgniter\Database\BaseConnection->query()
 2 APPPATH/Controllers/GestionEvent.php(33): App\Models\DatabaseModel->getEventA()
 3 SYSTEMPATH/CodeIgniter.php(934): App\Controllers\GestionEvent->eventPerso()
 4 SYSTEMPATH/CodeIgniter.php(499): CodeIgniter\CodeIgniter->runController()
 5 SYSTEMPATH/CodeIgniter.php(368): CodeIgniter\CodeIgniter->handleRequest()
 6 FCPATH/index.php(67): CodeIgniter\CodeIgniter->run()
ERROR - 2023-02-05 11:25:07 --> mysqli_sql_exception: Unknown column 'id_evenemement' in 'where clause' in /app/system/Database/MySQLi/Connection.php:295
Stack trace:
#0 /app/system/Database/MySQLi/Connection.php(295): mysqli->query()
#1 /app/system/Database/BaseConnection.php(691): CodeIgniter\Database\MySQLi\Connection->execute()
#2 /app/system/Database/BaseConnection.php(605): CodeIgniter\Database\BaseConnection->simpleQuery()
#3 /app/app/Models/DatabaseModel.php(87): CodeIgniter\Database\BaseConnection->query()
#4 /app/app/Controllers/GestionEvent.php(33): App\Models\DatabaseModel->getEventA()
#5 /app/system/CodeIgniter.php(934): App\Controllers\GestionEvent->eventPerso()
#6 /app/system/CodeIgniter.php(499): CodeIgniter\CodeIgniter->runController()
#7 /app/system/CodeIgniter.php(368): CodeIgniter\CodeIgniter->handleRequest()
#8 /app/public/index.php(67): CodeIgniter\CodeIgniter->run()
#9 {main}
CRITICAL - 2023-02-05 11:25:07 --> Unknown column 'id_evenemement' in 'where clause'
in SYSTEMPATH/Database/BaseConnection.php on line 645.
 1 APPPATH/Models/DatabaseModel.php(87): CodeIgniter\Database\BaseConnection->query()
 2 APPPATH/Controllers/GestionEvent.php(33): App\Models\DatabaseModel->getEventA()
 3 SYSTEMPATH/CodeIgniter.php(934): App\Controllers\GestionEvent->eventPerso()
 4 SYSTEMPATH/CodeIgniter.php(499): CodeIgniter\CodeIgniter->runController()
 5 SYSTEMPATH/CodeIgniter.php(368): CodeIgniter\CodeIgniter->handleRequest()
 6 FCPATH/index.php(67): CodeIgniter\CodeIgniter->run()
CRITICAL - 2023-02-05 11:26:33 --> Cannot use object of type stdClass as array
in APPPATH/Controllers/GestionEvent.php on line 33.
 1 SYSTEMPATH/CodeIgniter.php(934): App\Controllers\GestionEvent->eventPerso()
 2 SYSTEMPATH/CodeIgniter.php(499): CodeIgniter\CodeIgniter->runController()
 3 SYSTEMPATH/CodeIgniter.php(368): CodeIgniter\CodeIgniter->handleRequest()
 4 FCPATH/index.php(67): CodeIgniter\CodeIgniter->run()
ERROR - 2023-02-05 11:31:08 --> mysqli_sql_exception: Table 'TrucksmaniaDB.Food_truck' doesn't exist in /app/system/Database/MySQLi/Connection.php:295
Stack trace:
#0 /app/system/Database/MySQLi/Connection.php(295): mysqli->query()
#1 /app/system/Database/BaseConnection.php(691): CodeIgniter\Database\MySQLi\Connection->execute()
#2 /app/system/Database/BaseConnection.php(605): CodeIgniter\Database\BaseConnection->simpleQuery()
#3 /app/app/Models/DatabaseModel.php(87): CodeIgniter\Database\BaseConnection->query()
#4 /app/app/Controllers/GestionEvent.php(33): App\Models\DatabaseModel->getEventA()
#5 /app/system/CodeIgniter.php(934): App\Controllers\GestionEvent->eventPerso()
#6 /app/system/CodeIgniter.php(499): CodeIgniter\CodeIgniter->runController()
#7 /app/system/CodeIgniter.php(368): CodeIgniter\CodeIgniter->handleRequest()
#8 /app/public/index.php(67): CodeIgniter\CodeIgniter->run()
#9 {main}
CRITICAL - 2023-02-05 11:31:08 --> Table 'TrucksmaniaDB.Food_truck' doesn't exist
in SYSTEMPATH/Database/BaseConnection.php on line 645.
 1 APPPATH/Models/DatabaseModel.php(87): CodeIgniter\Database\BaseConnection->query()
 2 APPPATH/Controllers/GestionEvent.php(33): App\Models\DatabaseModel->getEventA()
 3 SYSTEMPATH/CodeIgniter.php(934): App\Controllers\GestionEvent->eventPerso()
 4 SYSTEMPATH/CodeIgniter.php(499): CodeIgniter\CodeIgniter->runController()
 5 SYSTEMPATH/CodeIgniter.php(368): CodeIgniter\CodeIgniter->handleRequest()
 6 FCPATH/index.php(67): CodeIgniter\CodeIgniter->run()
CRITICAL - 2023-02-05 11:33:04 --> syntax error, unexpected token "}"
in APPPATH/Controllers/GestionEvent.php on line 36.
 1 SYSTEMPATH/Autoloader/Autoloader.php(289): CodeIgniter\Autoloader\Autoloader->includeFile()
 2 SYSTEMPATH/Autoloader/Autoloader.php(267): CodeIgniter\Autoloader\Autoloader->loadInNamespace()
 3 [internal function]: CodeIgniter\Autoloader\Autoloader->loadClass()
 4 SYSTEMPATH/CodeIgniter.php(892): class_exists()
 5 SYSTEMPATH/CodeIgniter.php(486): CodeIgniter\CodeIgniter->startController()
 6 SYSTEMPATH/CodeIgniter.php(368): CodeIgniter\CodeIgniter->handleRequest()
 7 FCPATH/index.php(67): CodeIgniter\CodeIgniter->run()
CRITICAL - 2023-02-05 11:47:41 --> syntax error, unexpected token "}", expecting "," or ";"
in APPPATH/Views/eventPerso.php on line 22.
 1 SYSTEMPATH/View/View.php(216): CodeIgniter\View\View->CodeIgniter\View\{closure}()
 2 SYSTEMPATH/Common.php(1177): CodeIgniter\View\View->render()
 3 APPPATH/Controllers/GestionEvent.php(37): view()
 4 SYSTEMPATH/CodeIgniter.php(934): App\Controllers\GestionEvent->eventPerso()
 5 SYSTEMPATH/CodeIgniter.php(499): CodeIgniter\CodeIgniter->runController()
 6 SYSTEMPATH/CodeIgniter.php(368): CodeIgniter\CodeIgniter->handleRequest()
 7 FCPATH/index.php(67): CodeIgniter\CodeIgniter->run()
CRITICAL - 2023-02-05 11:48:25 --> Array to string conversion
in APPPATH/Views/eventPerso.php on line 20.
 1 APPPATH/Views/eventPerso.php(20): CodeIgniter\Debug\Exceptions->errorHandler()
 2 SYSTEMPATH/View/View.php(213): include('APPPATH/Views/eventPerso.php')
 3 SYSTEMPATH/View/View.php(216): CodeIgniter\View\View->CodeIgniter\View\{closure}()
 4 SYSTEMPATH/Common.php(1177): CodeIgniter\View\View->render()
 5 APPPATH/Controllers/GestionEvent.php(37): view()
 6 SYSTEMPATH/CodeIgniter.php(934): App\Controllers\GestionEvent->eventPerso()
 7 SYSTEMPATH/CodeIgniter.php(499): CodeIgniter\CodeIgniter->runController()
 8 SYSTEMPATH/CodeIgniter.php(368): CodeIgniter\CodeIgniter->handleRequest()
 9 FCPATH/index.php(67): CodeIgniter\CodeIgniter->run()
CRITICAL - 2023-02-05 11:48:44 --> Array to string conversion
in APPPATH/Views/eventPerso.php on line 20.
 1 APPPATH/Views/eventPerso.php(20): CodeIgniter\Debug\Exceptions->errorHandler()
 2 SYSTEMPATH/View/View.php(213): include('APPPATH/Views/eventPerso.php')
 3 SYSTEMPATH/View/View.php(216): CodeIgniter\View\View->CodeIgniter\View\{closure}()
 4 SYSTEMPATH/Common.php(1177): CodeIgniter\View\View->render()
 5 APPPATH/Controllers/GestionEvent.php(37): view()
 6 SYSTEMPATH/CodeIgniter.php(934): App\Controllers\GestionEvent->eventPerso()
 7 SYSTEMPATH/CodeIgniter.php(499): CodeIgniter\CodeIgniter->runController()
 8 SYSTEMPATH/CodeIgniter.php(368): CodeIgniter\CodeIgniter->handleRequest()
 9 FCPATH/index.php(67): CodeIgniter\CodeIgniter->run()
CRITICAL - 2023-02-05 11:49:05 --> Attempt to read property "Nom" on array
in APPPATH/Views/eventPerso.php on line 20.
 1 APPPATH/Views/eventPerso.php(20): CodeIgniter\Debug\Exceptions->errorHandler()
 2 SYSTEMPATH/View/View.php(213): include('APPPATH/Views/eventPerso.php')
 3 SYSTEMPATH/View/View.php(216): CodeIgniter\View\View->CodeIgniter\View\{closure}()
 4 SYSTEMPATH/Common.php(1177): CodeIgniter\View\View->render()
 5 APPPATH/Controllers/GestionEvent.php(37): view()
 6 SYSTEMPATH/CodeIgniter.php(934): App\Controllers\GestionEvent->eventPerso()
 7 SYSTEMPATH/CodeIgniter.php(499): CodeIgniter\CodeIgniter->runController()
 8 SYSTEMPATH/CodeIgniter.php(368): CodeIgniter\CodeIgniter->handleRequest()
 9 FCPATH/index.php(67): CodeIgniter\CodeIgniter->run()
CRITICAL - 2023-02-05 11:49:12 --> Attempt to read property "Nom" on array
in APPPATH/Views/eventPerso.php on line 20.
 1 APPPATH/Views/eventPerso.php(20): CodeIgniter\Debug\Exceptions->errorHandler()
 2 SYSTEMPATH/View/View.php(213): include('APPPATH/Views/eventPerso.php')
 3 SYSTEMPATH/View/View.php(216): CodeIgniter\View\View->CodeIgniter\View\{closure}()
 4 SYSTEMPATH/Common.php(1177): CodeIgniter\View\View->render()
 5 APPPATH/Controllers/GestionEvent.php(37): view()
 6 SYSTEMPATH/CodeIgniter.php(934): App\Controllers\GestionEvent->eventPerso()
 7 SYSTEMPATH/CodeIgniter.php(499): CodeIgniter\CodeIgniter->runController()
 8 SYSTEMPATH/CodeIgniter.php(368): CodeIgniter\CodeIgniter->handleRequest()
 9 FCPATH/index.php(67): CodeIgniter\CodeIgniter->run()
CRITICAL - 2023-02-05 11:49:59 --> syntax error, unexpected token "echo"
in APPPATH/Views/eventPerso.php on line 20.
 1 SYSTEMPATH/View/View.php(216): CodeIgniter\View\View->CodeIgniter\View\{closure}()
 2 SYSTEMPATH/Common.php(1177): CodeIgniter\View\View->render()
 3 APPPATH/Controllers/GestionEvent.php(37): view()
 4 SYSTEMPATH/CodeIgniter.php(934): App\Controllers\GestionEvent->eventPerso()
 5 SYSTEMPATH/CodeIgniter.php(499): CodeIgniter\CodeIgniter->runController()
 6 SYSTEMPATH/CodeIgniter.php(368): CodeIgniter\CodeIgniter->handleRequest()
 7 FCPATH/index.php(67): CodeIgniter\CodeIgniter->run()
CRITICAL - 2023-02-05 11:50:08 --> Attempt to read property "Nom" on array
in APPPATH/Views/eventPerso.php on line 21.
 1 APPPATH/Views/eventPerso.php(21): CodeIgniter\Debug\Exceptions->errorHandler()
 2 SYSTEMPATH/View/View.php(213): include('APPPATH/Views/eventPerso.php')
 3 SYSTEMPATH/View/View.php(216): CodeIgniter\View\View->CodeIgniter\View\{closure}()
 4 SYSTEMPATH/Common.php(1177): CodeIgniter\View\View->render()
 5 APPPATH/Controllers/GestionEvent.php(37): view()
 6 SYSTEMPATH/CodeIgniter.php(934): App\Controllers\GestionEvent->eventPerso()
 7 SYSTEMPATH/CodeIgniter.php(499): CodeIgniter\CodeIgniter->runController()
 8 SYSTEMPATH/CodeIgniter.php(368): CodeIgniter\CodeIgniter->handleRequest()
 9 FCPATH/index.php(67): CodeIgniter\CodeIgniter->run()
CRITICAL - 2023-02-05 11:51:44 --> Attempt to read property "Nom" on array
in APPPATH/Views/eventPerso.php on line 19.
 1 APPPATH/Views/eventPerso.php(19): CodeIgniter\Debug\Exceptions->errorHandler()
 2 SYSTEMPATH/View/View.php(213): include('APPPATH/Views/eventPerso.php')
 3 SYSTEMPATH/View/View.php(216): CodeIgniter\View\View->CodeIgniter\View\{closure}()
 4 SYSTEMPATH/Common.php(1177): CodeIgniter\View\View->render()
 5 APPPATH/Controllers/GestionEvent.php(37): view()
 6 SYSTEMPATH/CodeIgniter.php(934): App\Controllers\GestionEvent->eventPerso()
 7 SYSTEMPATH/CodeIgniter.php(499): CodeIgniter\CodeIgniter->runController()
 8 SYSTEMPATH/CodeIgniter.php(368): CodeIgniter\CodeIgniter->handleRequest()
 9 FCPATH/index.php(67): CodeIgniter\CodeIgniter->run()
CRITICAL - 2023-02-05 11:51:57 --> Undefined array key "Nom"
in APPPATH/Views/eventPerso.php on line 19.
 1 APPPATH/Views/eventPerso.php(19): CodeIgniter\Debug\Exceptions->errorHandler()
 2 SYSTEMPATH/View/View.php(213): include('APPPATH/Views/eventPerso.php')
 3 SYSTEMPATH/View/View.php(216): CodeIgniter\View\View->CodeIgniter\View\{closure}()
 4 SYSTEMPATH/Common.php(1177): CodeIgniter\View\View->render()
 5 APPPATH/Controllers/GestionEvent.php(37): view()
 6 SYSTEMPATH/CodeIgniter.php(934): App\Controllers\GestionEvent->eventPerso()
 7 SYSTEMPATH/CodeIgniter.php(499): CodeIgniter\CodeIgniter->runController()
 8 SYSTEMPATH/CodeIgniter.php(368): CodeIgniter\CodeIgniter->handleRequest()
 9 FCPATH/index.php(67): CodeIgniter\CodeIgniter->run()
CRITICAL - 2023-02-05 11:52:06 --> Undefined array key "Nom"
in APPPATH/Views/eventPerso.php on line 19.
 1 APPPATH/Views/eventPerso.php(19): CodeIgniter\Debug\Exceptions->errorHandler()
 2 SYSTEMPATH/View/View.php(213): include('APPPATH/Views/eventPerso.php')
 3 SYSTEMPATH/View/View.php(216): CodeIgniter\View\View->CodeIgniter\View\{closure}()
 4 SYSTEMPATH/Common.php(1177): CodeIgniter\View\View->render()
 5 APPPATH/Controllers/GestionEvent.php(37): view()
 6 SYSTEMPATH/CodeIgniter.php(934): App\Controllers\GestionEvent->eventPerso()
 7 SYSTEMPATH/CodeIgniter.php(499): CodeIgniter\CodeIgniter->runController()
 8 SYSTEMPATH/CodeIgniter.php(368): CodeIgniter\CodeIgniter->handleRequest()
 9 FCPATH/index.php(67): CodeIgniter\CodeIgniter->run()
ERROR - 2023-02-05 12:12:03 --> mysqli_sql_exception: Table 'TrucksmaniaDB.evenements' doesn't exist in /app/system/Database/MySQLi/Connection.php:295
Stack trace:
#0 /app/system/Database/MySQLi/Connection.php(295): mysqli->query()
#1 /app/system/Database/BaseConnection.php(691): CodeIgniter\Database\MySQLi\Connection->execute()
#2 /app/system/Database/BaseConnection.php(605): CodeIgniter\Database\BaseConnection->simpleQuery()
#3 /app/app/Models/DatabaseModel.php(93): CodeIgniter\Database\BaseConnection->query()
#4 /app/app/Controllers/GestionEvent.php(49): App\Models\DatabaseModel->getAllEvents()
#5 /app/system/CodeIgniter.php(934): App\Controllers\GestionEvent->verifRole()
#6 /app/system/CodeIgniter.php(499): CodeIgniter\CodeIgniter->runController()
#7 /app/system/CodeIgniter.php(368): CodeIgniter\CodeIgniter->handleRequest()
#8 /app/public/index.php(67): CodeIgniter\CodeIgniter->run()
#9 {main}
CRITICAL - 2023-02-05 12:12:03 --> Table 'TrucksmaniaDB.evenements' doesn't exist
in SYSTEMPATH/Database/BaseConnection.php on line 645.
 1 APPPATH/Models/DatabaseModel.php(93): CodeIgniter\Database\BaseConnection->query()
 2 APPPATH/Controllers/GestionEvent.php(49): App\Models\DatabaseModel->getAllEvents()
 3 SYSTEMPATH/CodeIgniter.php(934): App\Controllers\GestionEvent->verifRole()
 4 SYSTEMPATH/CodeIgniter.php(499): CodeIgniter\CodeIgniter->runController()
 5 SYSTEMPATH/CodeIgniter.php(368): CodeIgniter\CodeIgniter->handleRequest()
 6 FCPATH/index.php(67): CodeIgniter\CodeIgniter->run()
CRITICAL - 2023-02-05 12:15:32 --> Cannot redeclare App\Models\DatabaseModel::getEventA()
in APPPATH/Models/DatabaseModel.php on line 97.
 1 [internal function]: CodeIgniter\Debug\Exceptions->shutdownHandler()
CRITICAL - 2023-02-05 12:18:22 --> Too few arguments to function App\Models\DatabaseModel::getAllEventA(), 0 passed in /app/app/Controllers/GestionEvent.php on line 50 and exactly 1 expected
in APPPATH/Models/DatabaseModel.php on line 97.
 1 APPPATH/Controllers/GestionEvent.php(50): App\Models\DatabaseModel->getAllEventA()
 2 SYSTEMPATH/CodeIgniter.php(934): App\Controllers\GestionEvent->verifRole()
 3 SYSTEMPATH/CodeIgniter.php(499): CodeIgniter\CodeIgniter->runController()
 4 SYSTEMPATH/CodeIgniter.php(368): CodeIgniter\CodeIgniter->handleRequest()
 5 FCPATH/index.php(67): CodeIgniter\CodeIgniter->run()
CRITICAL - 2023-02-05 15:48:00 --> Undefined array key "specialite"
in APPPATH/Controllers/GestionTruck.php on line 68.
 1 APPPATH/Controllers/GestionTruck.php(68): CodeIgniter\Debug\Exceptions->errorHandler()
 2 SYSTEMPATH/CodeIgniter.php(934): App\Controllers\gestionTruck->addTruck()
 3 SYSTEMPATH/CodeIgniter.php(499): CodeIgniter\CodeIgniter->runController()
 4 SYSTEMPATH/CodeIgniter.php(368): CodeIgniter\CodeIgniter->handleRequest()
 5 FCPATH/index.php(67): CodeIgniter\CodeIgniter->run()
CRITICAL - 2023-02-05 16:01:06 --> Object of class stdClass could not be converted to string
in SYSTEMPATH/Database/Query.php on line 329.
 1 SYSTEMPATH/Database/Query.php(329): implode()
 2 SYSTEMPATH/Database/Query.php(310): CodeIgniter\Database\Query->matchNamedBinds()
 3 SYSTEMPATH/Database/Query.php(159): CodeIgniter\Database\Query->compileBinds()
 4 SYSTEMPATH/Database/BaseConnection.php(605): CodeIgniter\Database\Query->getQuery()
 5 SYSTEMPATH/Database/BaseBuilder.php(2295): CodeIgniter\Database\BaseConnection->query()
 6 SYSTEMPATH/Model.php(329): CodeIgniter\Database\BaseBuilder->insert()
 7 SYSTEMPATH/BaseModel.php(782): CodeIgniter\Model->doInsert()
 8 SYSTEMPATH/Model.php(729): CodeIgniter\BaseModel->insert()
 9 APPPATH/Controllers/GestionTruck.php(91): CodeIgniter\Model->insert()
10 SYSTEMPATH/CodeIgniter.php(934): App\Controllers\gestionTruck->addTruck()
11 SYSTEMPATH/CodeIgniter.php(499): CodeIgniter\CodeIgniter->runController()
12 SYSTEMPATH/CodeIgniter.php(368): CodeIgniter\CodeIgniter->handleRequest()
13 FCPATH/index.php(67): CodeIgniter\CodeIgniter->run()
CRITICAL - 2023-02-05 16:01:50 --> Undefined variable $data
in APPPATH/Controllers/GestionTruck.php on line 91.
 1 APPPATH/Controllers/GestionTruck.php(91): CodeIgniter\Debug\Exceptions->errorHandler()
 2 SYSTEMPATH/CodeIgniter.php(934): App\Controllers\gestionTruck->addTruck()
 3 SYSTEMPATH/CodeIgniter.php(499): CodeIgniter\CodeIgniter->runController()
 4 SYSTEMPATH/CodeIgniter.php(368): CodeIgniter\CodeIgniter->handleRequest()
 5 FCPATH/index.php(67): CodeIgniter\CodeIgniter->run()
CRITICAL - 2023-02-05 16:02:10 --> Object of class stdClass could not be converted to string
in SYSTEMPATH/Database/Query.php on line 329.
 1 SYSTEMPATH/Database/Query.php(329): implode()
 2 SYSTEMPATH/Database/Query.php(310): CodeIgniter\Database\Query->matchNamedBinds()
 3 SYSTEMPATH/Database/Query.php(159): CodeIgniter\Database\Query->compileBinds()
 4 SYSTEMPATH/Database/BaseConnection.php(605): CodeIgniter\Database\Query->getQuery()
 5 SYSTEMPATH/Database/BaseBuilder.php(2295): CodeIgniter\Database\BaseConnection->query()
 6 SYSTEMPATH/Model.php(329): CodeIgniter\Database\BaseBuilder->insert()
 7 SYSTEMPATH/BaseModel.php(782): CodeIgniter\Model->doInsert()
 8 SYSTEMPATH/Model.php(729): CodeIgniter\BaseModel->insert()
 9 APPPATH/Controllers/GestionTruck.php(91): CodeIgniter\Model->insert()
10 SYSTEMPATH/CodeIgniter.php(934): App\Controllers\gestionTruck->addTruck()
11 SYSTEMPATH/CodeIgniter.php(499): CodeIgniter\CodeIgniter->runController()
12 SYSTEMPATH/CodeIgniter.php(368): CodeIgniter\CodeIgniter->handleRequest()
13 FCPATH/index.php(67): CodeIgniter\CodeIgniter->run()
CRITICAL - 2023-02-05 16:12:15 --> syntax error, unexpected identifier "col", expecting "," or ";"
in APPPATH/Views/events.php on line 18.
 1 SYSTEMPATH/View/View.php(216): CodeIgniter\View\View->CodeIgniter\View\{closure}()
 2 SYSTEMPATH/Common.php(1177): CodeIgniter\View\View->render()
 3 APPPATH/Controllers/GestionEvent.php(60): view()
 4 SYSTEMPATH/CodeIgniter.php(934): App\Controllers\GestionEvent->verifRole()
 5 SYSTEMPATH/CodeIgniter.php(499): CodeIgniter\CodeIgniter->runController()
 6 SYSTEMPATH/CodeIgniter.php(368): CodeIgniter\CodeIgniter->handleRequest()
 7 FCPATH/index.php(67): CodeIgniter\CodeIgniter->run()
CRITICAL - 2023-02-05 16:23:20 --> Undefined variable $_SESSION
in APPPATH/Controllers/GestionEvent.php on line 66.
 1 APPPATH/Controllers/GestionEvent.php(66): CodeIgniter\Debug\Exceptions->errorHandler()
 2 SYSTEMPATH/CodeIgniter.php(934): App\Controllers\GestionEvent->acceptEvent()
 3 SYSTEMPATH/CodeIgniter.php(499): CodeIgniter\CodeIgniter->runController()
 4 SYSTEMPATH/CodeIgniter.php(368): CodeIgniter\CodeIgniter->handleRequest()
 5 FCPATH/index.php(67): CodeIgniter\CodeIgniter->run()
CRITICAL - 2023-02-05 16:38:36 --> Undefined property: stdClass::$id_food_truck
in APPPATH/Controllers/GestionEvent.php on line 68.
 1 APPPATH/Controllers/GestionEvent.php(68): CodeIgniter\Debug\Exceptions->errorHandler()
 2 SYSTEMPATH/CodeIgniter.php(934): App\Controllers\GestionEvent->acceptEvent()
 3 SYSTEMPATH/CodeIgniter.php(499): CodeIgniter\CodeIgniter->runController()
 4 SYSTEMPATH/CodeIgniter.php(368): CodeIgniter\CodeIgniter->handleRequest()
 5 FCPATH/index.php(67): CodeIgniter\CodeIgniter->run()
CRITICAL - 2023-02-05 16:40:02 --> Undefined array key "id"
in APPPATH/Controllers/GestionEvent.php on line 69.
 1 APPPATH/Controllers/GestionEvent.php(69): CodeIgniter\Debug\Exceptions->errorHandler()
 2 SYSTEMPATH/CodeIgniter.php(934): App\Controllers\GestionEvent->acceptEvent()
 3 SYSTEMPATH/CodeIgniter.php(499): CodeIgniter\CodeIgniter->runController()
 4 SYSTEMPATH/CodeIgniter.php(368): CodeIgniter\CodeIgniter->handleRequest()
 5 FCPATH/index.php(67): CodeIgniter\CodeIgniter->run()
CRITICAL - 2023-02-05 16:40:26 --> Undefined variable $id_ft
in APPPATH/Controllers/GestionEvent.php on line 72.
 1 APPPATH/Controllers/GestionEvent.php(72): CodeIgniter\Debug\Exceptions->errorHandler()
 2 SYSTEMPATH/CodeIgniter.php(934): App\Controllers\GestionEvent->acceptEvent()
 3 SYSTEMPATH/CodeIgniter.php(499): CodeIgniter\CodeIgniter->runController()
 4 SYSTEMPATH/CodeIgniter.php(368): CodeIgniter\CodeIgniter->handleRequest()
 5 FCPATH/index.php(67): CodeIgniter\CodeIgniter->run()
CRITICAL - 2023-02-05 16:42:27 --> Undefined variable $db
in APPPATH/Models/DatabaseModel.php on line 116.
 1 APPPATH/Models/DatabaseModel.php(116): CodeIgniter\Debug\Exceptions->errorHandler()
 2 APPPATH/Controllers/GestionEvent.php(72): App\Models\DatabaseModel->newEventA()
 3 SYSTEMPATH/CodeIgniter.php(934): App\Controllers\GestionEvent->acceptEvent()
 4 SYSTEMPATH/CodeIgniter.php(499): CodeIgniter\CodeIgniter->runController()
 5 SYSTEMPATH/CodeIgniter.php(368): CodeIgniter\CodeIgniter->handleRequest()
 6 FCPATH/index.php(67): CodeIgniter\CodeIgniter->run()
CRITICAL - 2023-02-05 16:42:39 --> Undefined variable $db
in APPPATH/Models/DatabaseModel.php on line 116.
 1 APPPATH/Models/DatabaseModel.php(116): CodeIgniter\Debug\Exceptions->errorHandler()
 2 APPPATH/Controllers/GestionEvent.php(71): App\Models\DatabaseModel->newEventA()
 3 SYSTEMPATH/CodeIgniter.php(934): App\Controllers\GestionEvent->acceptEvent()
 4 SYSTEMPATH/CodeIgniter.php(499): CodeIgniter\CodeIgniter->runController()
 5 SYSTEMPATH/CodeIgniter.php(368): CodeIgniter\CodeIgniter->handleRequest()
 6 FCPATH/index.php(67): CodeIgniter\CodeIgniter->run()
CRITICAL - 2023-02-05 16:44:32 --> Undefined variable $_SESSION
in APPPATH/Controllers/GestionEvent.php on line 82.
 1 APPPATH/Controllers/GestionEvent.php(82): CodeIgniter\Debug\Exceptions->errorHandler()
 2 SYSTEMPATH/CodeIgniter.php(934): App\Controllers\GestionEvent->acceptEvent()
 3 SYSTEMPATH/CodeIgniter.php(499): CodeIgniter\CodeIgniter->runController()
 4 SYSTEMPATH/CodeIgniter.php(368): CodeIgniter\CodeIgniter->handleRequest()
 5 FCPATH/index.php(67): CodeIgniter\CodeIgniter->run()
ERROR - 2023-02-05 16:51:32 --> mysqli_sql_exception: Unknown column 'e.id_gerant' in 'where clause' in /app/system/Database/MySQLi/Connection.php:295
Stack trace:
#0 /app/system/Database/MySQLi/Connection.php(295): mysqli->query()
#1 /app/system/Database/BaseConnection.php(691): CodeIgniter\Database\MySQLi\Connection->execute()
#2 /app/system/Database/BaseConnection.php(605): CodeIgniter\Database\BaseConnection->simpleQuery()
#3 /app/app/Models/DatabaseModel.php(122): CodeIgniter\Database\BaseConnection->query()
#4 /app/app/Controllers/GestionEvent.php(94): App\Models\DatabaseModel->getEventG()
#5 /app/system/CodeIgniter.php(934): App\Controllers\GestionEvent->myEvent()
#6 /app/system/CodeIgniter.php(499): CodeIgniter\CodeIgniter->runController()
#7 /app/system/CodeIgniter.php(368): CodeIgniter\CodeIgniter->handleRequest()
#8 /app/public/index.php(67): CodeIgniter\CodeIgniter->run()
#9 {main}
CRITICAL - 2023-02-05 16:51:32 --> Unknown column 'e.id_gerant' in 'where clause'
in SYSTEMPATH/Database/BaseConnection.php on line 645.
 1 APPPATH/Models/DatabaseModel.php(122): CodeIgniter\Database\BaseConnection->query()
 2 APPPATH/Controllers/GestionEvent.php(94): App\Models\DatabaseModel->getEventG()
 3 SYSTEMPATH/CodeIgniter.php(934): App\Controllers\GestionEvent->myEvent()
 4 SYSTEMPATH/CodeIgniter.php(499): CodeIgniter\CodeIgniter->runController()
 5 SYSTEMPATH/CodeIgniter.php(368): CodeIgniter\CodeIgniter->handleRequest()
 6 FCPATH/index.php(67): CodeIgniter\CodeIgniter->run()
